\BOOKMARK [-1][-]{part.1}{I ICND1 - Switches}{}% 1
\BOOKMARK [0][-]{chapter.1}{Basic Cisco Catalyst Switch Configuration}{part.1}% 2
\BOOKMARK [1][-]{section.1.1}{Port Addressing}{chapter.1}% 3
\BOOKMARK [1][-]{section.1.2}{Configuring a Management IP Address}{chapter.1}% 4
\BOOKMARK [2][-]{subsection.1.2.1}{View how we're connected to a Switch}{section.1.2}% 5
\BOOKMARK [2][-]{subsection.1.2.2}{Privileged mode, auto-completion and showing possible commands}{section.1.2}% 6
\BOOKMARK [2][-]{subsection.1.2.3}{Configuring the Terminal}{section.1.2}% 7
\BOOKMARK [2][-]{subsection.1.2.4}{Interface Configuration Mode}{section.1.2}% 8
\BOOKMARK [2][-]{subsection.1.2.5}{Adding a Management IP}{section.1.2}% 9
\BOOKMARK [1][-]{section.1.3}{Configuring a Default Gateway}{chapter.1}% 10
\BOOKMARK [1][-]{section.1.4}{Setting Console and VTY Passwords}{chapter.1}% 11
\BOOKMARK [2][-]{subsection.1.4.1}{Configuring a password for the VTY lines}{section.1.4}% 12
\BOOKMARK [1][-]{section.1.5}{Show Running Configuration}{chapter.1}% 13
\BOOKMARK [1][-]{section.1.6}{Checking for connectivity using Ping}{chapter.1}% 14
\BOOKMARK [1][-]{section.1.7}{Enabling Telnet Access}{chapter.1}% 15
\BOOKMARK [2][-]{subsection.1.7.1}{Show line details}{section.1.7}% 16
\BOOKMARK [2][-]{subsection.1.7.2}{Logging in via telnet}{section.1.7}% 17
\BOOKMARK [2][-]{subsection.1.7.3}{Keyboard Shortcuts for Telnet}{section.1.7}% 18
\BOOKMARK [2][-]{subsection.1.7.4}{History Buffer}{section.1.7}% 19
\BOOKMARK [2][-]{subsection.1.7.5}{IP Interface Connection Overview}{section.1.7}% 20
\BOOKMARK [1][-]{section.1.8}{Enabling SSH Access}{chapter.1}% 21
\BOOKMARK [2][-]{subsection.1.8.1}{Setting up User-name, password and domain name}{section.1.8}% 22
\BOOKMARK [2][-]{subsection.1.8.2}{Connecting via SSH}{section.1.8}% 23
\BOOKMARK [1][-]{section.1.9}{Viewing Version Information}{chapter.1}% 24
\BOOKMARK [1][-]{section.1.10}{Viewing Current Configuration}{chapter.1}% 25
\BOOKMARK [1][-]{section.1.11}{MAC Address \(CAM\) Table Examination}{chapter.1}% 26
\BOOKMARK [2][-]{subsection.1.11.1}{Adding a Static MAC Address}{section.1.11}% 27
\BOOKMARK [1][-]{section.1.12}{Setting the Hostname}{chapter.1}% 28
\BOOKMARK [1][-]{section.1.13}{Setting the Enable Password}{chapter.1}% 29
\BOOKMARK [1][-]{section.1.14}{Setting the exec-timeout}{chapter.1}% 30
