\BOOKMARK [-1][-]{part.1}{I Advanced System Management}{}% 1
\BOOKMARK [0][-]{chapter.1}{Configuring Authentication}{part.1}% 2
\BOOKMARK [1][-]{section.1.1}{Understanding RedHat Identity Management}{chapter.1}% 3
\BOOKMARK [2][-]{subsection.1.1.1}{IdM Server Components and Requirements}{section.1.1}% 4
\BOOKMARK [2][-]{subsection.1.1.2}{Preparing IdM Installation}{section.1.1}% 5
\BOOKMARK [2][-]{subsection.1.1.3}{Installing IdM}{section.1.1}% 6
\BOOKMARK [2][-]{subsection.1.1.4}{Understanding Kerberos Tickets}{section.1.1}% 7
\BOOKMARK [2][-]{subsection.1.1.5}{Managing the IdM Server}{section.1.1}% 8
\BOOKMARK [2][-]{subsection.1.1.6}{Creating User Accounts}{section.1.1}% 9
\BOOKMARK [1][-]{section.1.2}{Using authconfig to Setup External Authentication}{chapter.1}% 10
\BOOKMARK [1][-]{section.1.3}{Configuring a System to Authenticate using Kerberos}{chapter.1}% 11
\BOOKMARK [2][-]{subsection.1.3.1}{Troubleshooting Authentication}{section.1.3}% 12
\BOOKMARK [1][-]{section.1.4}{Understanding authconfig Configuration Files}{chapter.1}% 13
\BOOKMARK [2][-]{subsection.1.4.1}{Authconfig Configuration}{section.1.4}% 14
\BOOKMARK [2][-]{subsection.1.4.2}{SSSD Configuration}{section.1.4}% 15
\BOOKMARK [2][-]{subsection.1.4.3}{Kerberos Configuration File}{section.1.4}% 16
\BOOKMARK [2][-]{subsection.1.4.4}{NSSwtich Configuration}{section.1.4}% 17
\BOOKMARK [2][-]{subsection.1.4.5}{NSLCD Configuration}{section.1.4}% 18
\BOOKMARK [0][-]{chapter.2}{Configuring iSCSI Target and Initiator}{part.1}% 19
\BOOKMARK [1][-]{section.2.1}{Understanding iSCSI Target and Initiator}{chapter.2}% 20
\BOOKMARK [2][-]{subsection.2.1.1}{iSCSI Operation}{section.2.1}% 21
\BOOKMARK [2][-]{subsection.2.1.2}{iSCSI Components}{section.2.1}% 22
\BOOKMARK [2][-]{subsection.2.1.3}{Basic iSCSI Terminology}{section.2.1}% 23
\BOOKMARK [2][-]{subsection.2.1.4}{After connecting an initiator to an iSCSI Target}{section.2.1}% 24
\BOOKMARK [1][-]{section.2.2}{Setting up an iSCSI Target}{chapter.2}% 25
\BOOKMARK [2][-]{subsection.2.2.1}{Creating the LVM}{section.2.2}% 26
\BOOKMARK [2][-]{subsection.2.2.2}{Creating the iSCSI configuration using targetcli}{section.2.2}% 27
\BOOKMARK [2][-]{subsection.2.2.3}{Target Creation}{section.2.2}% 28
\BOOKMARK [2][-]{subsection.2.2.4}{TPG Configuration}{section.2.2}% 29
\BOOKMARK [2][-]{subsection.2.2.5}{Adding a rule to the firewall}{section.2.2}% 30
\BOOKMARK [2][-]{subsection.2.2.6}{Starting target.service}{section.2.2}% 31
\BOOKMARK [0][-]{chapter.3}{System Performance Reporting}{part.1}% 32
\BOOKMARK [0][-]{chapter.4}{System Optimization Basics}{part.1}% 33
\BOOKMARK [0][-]{chapter.5}{Configuring Logging}{part.1}% 34
\BOOKMARK [-1][-]{part.2}{II Networking and Apache}{}% 35
\BOOKMARK [0][-]{chapter.6}{Configuring Advanced Networking}{part.2}% 36
\BOOKMARK [0][-]{chapter.7}{Managing Linux Based Firewalls}{part.2}% 37
\BOOKMARK [0][-]{chapter.8}{Configuring Apache Virtual Hosts}{part.2}% 38
\BOOKMARK [0][-]{chapter.9}{Managing Advanced Apache Features}{part.2}% 39
\BOOKMARK [-1][-]{part.3}{III DNS and File Sharing}{}% 40
\BOOKMARK [0][-]{chapter.10}{Configuring a Cache-only DNS Server}{part.3}% 41
\BOOKMARK [0][-]{chapter.11}{Configuring NFS File Sharing}{part.3}% 42
\BOOKMARK [0][-]{chapter.12}{Managing SMB File Sharing}{part.3}% 43
\BOOKMARK [-1][-]{part.4}{IV Essential Back-end Services}{}% 44
\BOOKMARK [0][-]{chapter.13}{Setting up an SMTP Server}{part.4}% 45
\BOOKMARK [0][-]{chapter.14}{Managing SSH}{part.4}% 46
\BOOKMARK [0][-]{chapter.15}{Managing MariaDB}{part.4}% 47
\BOOKMARK [0][-]{chapter.16}{Managing Time Services}{part.4}% 48
\BOOKMARK [0][-]{chapter.17}{Shell Scripting}{part.4}% 49
