\BOOKMARK [-1][-]{part.1}{I Installing RHEL Server}{}% 1
\BOOKMARK [0][-]{chapter.1}{Using Essential Tools}{part.1}% 2
\BOOKMARK [1][-]{section.1.1}{Man Command}{chapter.1}% 3
\BOOKMARK [1][-]{section.1.2}{Understanding Globbing and Wildcards}{chapter.1}% 4
\BOOKMARK [1][-]{section.1.3}{Understanding Globbing and Wildcards}{chapter.1}% 5
\BOOKMARK [1][-]{section.1.4}{Understanding I/O Redirection and Pipes}{chapter.1}% 6
\BOOKMARK [2][-]{subsection.1.4.1}{I/O Redirection}{section.1.4}% 7
\BOOKMARK [2][-]{subsection.1.4.2}{Piping}{section.1.4}% 8
\BOOKMARK [1][-]{section.1.5}{Using I/O Redireciton and Piping}{chapter.1}% 9
\BOOKMARK [0][-]{chapter.2}{Essential File Management Tools}{part.1}% 10
\BOOKMARK [1][-]{section.2.1}{Understanding Linux File System Layout}{chapter.2}% 11
\BOOKMARK [1][-]{section.2.2}{Finding Files}{chapter.2}% 12
\BOOKMARK [1][-]{section.2.3}{Understanding Links}{chapter.2}% 13
\BOOKMARK [1][-]{section.2.4}{Working with Links}{chapter.2}% 14
\BOOKMARK [1][-]{section.2.5}{Working with tar}{chapter.2}% 15
\BOOKMARK [0][-]{chapter.3}{Working with Text Files}{part.1}% 16
\BOOKMARK [1][-]{section.3.1}{Understanding Regular Expressions}{chapter.3}% 17
\BOOKMARK [1][-]{section.3.2}{Using common text tools}{chapter.3}% 18
\BOOKMARK [2][-]{subsection.3.2.1}{cat}{section.3.2}% 19
\BOOKMARK [2][-]{subsection.3.2.2}{less}{section.3.2}% 20
\BOOKMARK [2][-]{subsection.3.2.3}{Head and Tail}{section.3.2}% 21
\BOOKMARK [2][-]{subsection.3.2.4}{cut}{section.3.2}% 22
\BOOKMARK [2][-]{subsection.3.2.5}{sort}{section.3.2}% 23
\BOOKMARK [2][-]{subsection.3.2.6}{tr}{section.3.2}% 24
\BOOKMARK [1][-]{section.3.3}{grep}{chapter.3}% 25
\BOOKMARK [2][-]{subsection.3.3.1}{wc}{section.3.3}% 26
\BOOKMARK [2][-]{subsection.3.3.2}{grep -l}{section.3.3}% 27
\BOOKMARK [2][-]{subsection.3.3.3}{grep -i}{section.3.3}% 28
\BOOKMARK [2][-]{subsection.3.3.4}{grep -R}{section.3.3}% 29
\BOOKMARK [2][-]{subsection.3.3.5}{grep -v}{section.3.3}% 30
\BOOKMARK [1][-]{section.3.4}{sed and awk basics}{chapter.3}% 31
\BOOKMARK [2][-]{subsection.3.4.1}{sed}{section.3.4}% 32
\BOOKMARK [2][-]{subsection.3.4.2}{awk}{section.3.4}% 33
\BOOKMARK [0][-]{chapter.4}{Connecting to a RHEL Server}{part.1}% 34
\BOOKMARK [1][-]{section.4.1}{Connecting to a Server with SSH}{chapter.4}% 35
\BOOKMARK [1][-]{section.4.2}{RSA Key fingerprint and known hosts}{chapter.4}% 36
\BOOKMARK [1][-]{section.4.3}{sshd\137config}{chapter.4}% 37
\BOOKMARK [1][-]{section.4.4}{Understanding SSH keys}{chapter.4}% 38
\BOOKMARK [2][-]{subsection.4.4.1}{Client authentication without password}{section.4.4}% 39
\BOOKMARK [1][-]{section.4.5}{Using SSH Keys}{chapter.4}% 40
\BOOKMARK [2][-]{subsection.4.5.1}{Copying SSH keys}{section.4.5}% 41
\BOOKMARK [2][-]{subsection.4.5.2}{Copying files to a server securely using SSH}{section.4.5}% 42
\BOOKMARK [0][-]{chapter.5}{Managing Users and Groups}{part.1}% 43
\BOOKMARK [1][-]{section.5.1}{Understanding the need for Users}{chapter.5}% 44
\BOOKMARK [1][-]{section.5.2}{User Properties}{chapter.5}% 45
\BOOKMARK [2][-]{subsection.5.2.1}{Username}{section.5.2}% 46
\BOOKMARK [2][-]{subsection.5.2.2}{UID}{section.5.2}% 47
\BOOKMARK [2][-]{subsection.5.2.3}{GID}{section.5.2}% 48
\BOOKMARK [2][-]{subsection.5.2.4}{GECOS or comment field}{section.5.2}% 49
\BOOKMARK [2][-]{subsection.5.2.5}{Home Directory}{section.5.2}% 50
\BOOKMARK [2][-]{subsection.5.2.6}{Default Shell}{section.5.2}% 51
\BOOKMARK [1][-]{section.5.3}{Creating and Managing Users}{chapter.5}% 52
\BOOKMARK [2][-]{subsection.5.3.1}{Adding users}{section.5.3}% 53
\BOOKMARK [1][-]{section.5.4}{Understanding Group Membership}{chapter.5}% 54
\BOOKMARK [1][-]{section.5.5}{Creating and Managing Groups}{chapter.5}% 55
\BOOKMARK [2][-]{subsection.5.5.1}{groupadd}{section.5.5}% 56
\BOOKMARK [2][-]{subsection.5.5.2}{Adding users to a group}{section.5.5}% 57
\BOOKMARK [1][-]{section.5.6}{User and Group configuration files}{chapter.5}% 58
\BOOKMARK [1][-]{section.5.7}{Managing Password properties}{chapter.5}% 59
\BOOKMARK [2][-]{subsection.5.7.1}{passwd}{section.5.7}% 60
\BOOKMARK [2][-]{subsection.5.7.2}{chage}{section.5.7}% 61
\BOOKMARK [0][-]{chapter.6}{Connecting to a LDAP Server}{part.1}% 62
\BOOKMARK [1][-]{section.6.1}{Understanding LDAP}{chapter.6}% 63
\BOOKMARK [2][-]{subsection.6.1.1}{/bin/login}{section.6.1}% 64
\BOOKMARK [2][-]{subsection.6.1.2}{ldd}{section.6.1}% 65
\BOOKMARK [2][-]{subsection.6.1.3}{PAM config file syntax}{section.6.1}% 66
\BOOKMARK [1][-]{section.6.2}{Telling your server where to find the LDAP Server}{chapter.6}% 67
\BOOKMARK [2][-]{subsection.6.2.1}{nscd}{section.6.2}% 68
\BOOKMARK [2][-]{subsection.6.2.2}{nss-pam-ldapd}{section.6.2}% 69
\BOOKMARK [2][-]{subsection.6.2.3}{pam\137ldap}{section.6.2}% 70
\BOOKMARK [2][-]{subsection.6.2.4}{authconfig-gtk}{section.6.2}% 71
\BOOKMARK [2][-]{subsection.6.2.5}{Switching to an LDAP user}{section.6.2}% 72
\BOOKMARK [1][-]{section.6.3}{Understanding Automount}{chapter.6}% 73
\BOOKMARK [2][-]{subsection.6.3.1}{Server selection for auto-mounting}{section.6.3}% 74
\BOOKMARK [2][-]{subsection.6.3.2}{Samba server's CIFS protocol to automount}{section.6.3}% 75
\BOOKMARK [1][-]{section.6.4}{Configuring Automount}{chapter.6}% 76
\BOOKMARK [2][-]{subsection.6.4.1}{NFS Server Automounting}{section.6.4}% 77
\BOOKMARK [1][-]{section.6.5}{Configuring NFS and Automount}{chapter.6}% 78
\BOOKMARK [2][-]{subsection.6.5.1}{yum search}{section.6.5}% 79
\BOOKMARK [2][-]{subsection.6.5.2}{Creating an NFS Server}{section.6.5}% 80
\BOOKMARK [2][-]{subsection.6.5.3}{Starting the NFS server}{section.6.5}% 81
\BOOKMARK [2][-]{subsection.6.5.4}{Automounting NFS}{section.6.5}% 82
\BOOKMARK [1][-]{section.6.6}{Modifying nslcd Configuration}{chapter.6}% 83
\BOOKMARK [2][-]{subsection.6.6.1}{Naming Services LDAP Client Daemon}{section.6.6}% 84
\BOOKMARK [2][-]{subsection.6.6.2}{/etc/nslcd.conf}{section.6.6}% 85
\BOOKMARK [0][-]{chapter.7}{Managing Permissions}{part.1}% 86
\BOOKMARK [1][-]{section.7.1}{Understanding Ownership: Users, Groups and Others}{chapter.7}% 87
\BOOKMARK [2][-]{subsection.7.1.1}{Permissions}{section.7.1}% 88
\BOOKMARK [2][-]{subsection.7.1.2}{Ownership}{section.7.1}% 89
\BOOKMARK [1][-]{section.7.2}{Changing file ownership}{chapter.7}% 90
\BOOKMARK [2][-]{subsection.7.2.1}{chgrp}{section.7.2}% 91
\BOOKMARK [2][-]{subsection.7.2.2}{chown}{section.7.2}% 92
\BOOKMARK [1][-]{section.7.3}{Understanding Basic Permissions}{chapter.7}% 93
\BOOKMARK [1][-]{section.7.4}{Managing Basic Permissions}{chapter.7}% 94
\BOOKMARK [2][-]{subsection.7.4.1}{chmod}{section.7.4}% 95
\BOOKMARK [1][-]{section.7.5}{Understanding Special Permissions}{chapter.7}% 96
\BOOKMARK [1][-]{section.7.6}{Managing Special Permissions}{chapter.7}% 97
\BOOKMARK [2][-]{subsection.7.6.1}{Finding a file with a particular set of permissions}{section.7.6}% 98
\BOOKMARK [2][-]{subsection.7.6.2}{Setting Group ID for a directory}{section.7.6}% 99
\BOOKMARK [2][-]{subsection.7.6.3}{Sticky Bit}{section.7.6}% 100
\BOOKMARK [2][-]{subsection.7.6.4}{Lowercase 's' or 't' vs Uppercase in permissions}{section.7.6}% 101
\BOOKMARK [1][-]{section.7.7}{Understanding ACLs}{chapter.7}% 102
\BOOKMARK [2][-]{subsection.7.7.1}{Mount options}{section.7.7}% 103
\BOOKMARK [2][-]{subsection.7.7.2}{Commands}{section.7.7}% 104
\BOOKMARK [1][-]{section.7.8}{Managing ACLs}{chapter.7}% 105
\BOOKMARK [2][-]{subsection.7.8.1}{history}{section.7.8}% 106
\BOOKMARK [0][-]{chapter.8}{Configuring Networking}{part.1}% 107
\BOOKMARK [1][-]{section.8.1}{Understanding NIC Naming}{chapter.8}% 108
\BOOKMARK [2][-]{subsection.8.1.1}{Network Device Naming Schemes}{section.8.1}% 109
\BOOKMARK [1][-]{section.8.2}{Managing NIC Configuration with ip Command}{chapter.8}% 110
\BOOKMARK [2][-]{subsection.8.2.1}{show commands}{section.8.2}% 111
\BOOKMARK [2][-]{subsection.8.2.2}{ip addr add}{section.8.2}% 112
\BOOKMARK [2][-]{subsection.8.2.3}{ip route add}{section.8.2}% 113
\BOOKMARK [1][-]{section.8.3}{Storing Network Configuration persistently}{chapter.8}% 114
\BOOKMARK [2][-]{subsection.8.3.1}{Hostname}{section.8.3}% 115
\BOOKMARK [1][-]{section.8.4}{Understanding Network Manager}{chapter.8}% 116
\BOOKMARK [1][-]{section.8.5}{Using Network Manager utilities \(nmcli, nmtui\)}{chapter.8}% 117
\BOOKMARK [2][-]{subsection.8.5.1}{nmcli}{section.8.5}% 118
\BOOKMARK [2][-]{subsection.8.5.2}{nmtui}{section.8.5}% 119
\BOOKMARK [1][-]{section.8.6}{Understanding Routing and DNS}{chapter.8}% 120
\BOOKMARK [2][-]{subsection.8.6.1}{Default route}{section.8.6}% 121
\BOOKMARK [2][-]{subsection.8.6.2}{DNS}{section.8.6}% 122
\BOOKMARK [1][-]{section.8.7}{Configuring Routing and DNS}{chapter.8}% 123
\BOOKMARK [1][-]{section.8.8}{Understanding Network Analysis Tools}{chapter.8}% 124
\BOOKMARK [1][-]{section.8.9}{Using Network Analysis Tools}{chapter.8}% 125
\BOOKMARK [2][-]{subsection.8.9.1}{ping}{section.8.9}% 126
\BOOKMARK [2][-]{subsection.8.9.2}{traceroute}{section.8.9}% 127
\BOOKMARK [2][-]{subsection.8.9.3}{host}{section.8.9}% 128
\BOOKMARK [2][-]{subsection.8.9.4}{dig}{section.8.9}% 129
\BOOKMARK [2][-]{subsection.8.9.5}{Physical network problems}{section.8.9}% 130
\BOOKMARK [-1][-]{part.2}{II Operating RHEL Servers}{}% 131
\BOOKMARK [0][-]{chapter.9}{Managing Processes}{part.2}% 132
\BOOKMARK [1][-]{section.9.1}{Understanding Jobs and Processes}{chapter.9}% 133
\BOOKMARK [2][-]{subsection.9.1.1}{jobs}{section.9.1}% 134
\BOOKMARK [1][-]{section.9.2}{Managing Shell Jobs}{chapter.9}% 135
\BOOKMARK [1][-]{section.9.3}{Getting process information with ps}{chapter.9}% 136
\BOOKMARK [2][-]{subsection.9.3.1}{Getting PID of a process}{section.9.3}% 137
\BOOKMARK [2][-]{subsection.9.3.2}{Seeing Parent and Child process relation}{section.9.3}% 138
\BOOKMARK [1][-]{section.9.4}{Understanding Memory Usage}{chapter.9}% 139
\BOOKMARK [1][-]{section.9.5}{Understanding Performance Load}{chapter.9}% 140
\BOOKMARK [2][-]{subsection.9.5.1}{uptime Command}{section.9.5}% 141
\BOOKMARK [1][-]{section.9.6}{Monitoring System Activity with top}{chapter.9}% 142
\BOOKMARK [1][-]{section.9.7}{Sending Signals to processes}{chapter.9}% 143
\BOOKMARK [2][-]{subsection.9.7.1}{kill command}{section.9.7}% 144
\BOOKMARK [1][-]{section.9.8}{Understanding Priorities and Niceness}{chapter.9}% 145
\BOOKMARK [1][-]{section.9.9}{Changing Process Nice values}{chapter.9}% 146
\BOOKMARK [2][-]{subsection.9.9.1}{Chaning niceness from top}{section.9.9}% 147
\BOOKMARK [2][-]{subsection.9.9.2}{Changing Niceness from command line}{section.9.9}% 148
\BOOKMARK [0][-]{chapter.10}{Managing Software}{part.2}% 149
\BOOKMARK [1][-]{section.10.1}{Understanding Meta Package Handlers}{chapter.10}% 150
\BOOKMARK [1][-]{section.10.2}{Setting up Yum repositories}{chapter.10}% 151
\BOOKMARK [2][-]{subsection.10.2.1}{yum repolist}{section.10.2}% 152
\BOOKMARK [2][-]{subsection.10.2.2}{Custom Repository}{section.10.2}% 153
\BOOKMARK [1][-]{section.10.3}{Using the yum command}{chapter.10}% 154
\BOOKMARK [2][-]{subsection.10.3.1}{yum search}{section.10.3}% 155
\BOOKMARK [2][-]{subsection.10.3.2}{yum install}{section.10.3}% 156
\BOOKMARK [2][-]{subsection.10.3.3}{yum list}{section.10.3}% 157
\BOOKMARK [2][-]{subsection.10.3.4}{yum provides}{section.10.3}% 158
\BOOKMARK [2][-]{subsection.10.3.5}{yum remove}{section.10.3}% 159
\BOOKMARK [1][-]{section.10.4}{Using rpm queries}{chapter.10}% 160
\BOOKMARK [2][-]{subsection.10.4.1}{Installing a local rpm file}{section.10.4}% 161
\BOOKMARK [2][-]{subsection.10.4.2}{repoquery}{section.10.4}% 162
\BOOKMARK [2][-]{subsection.10.4.3}{Displaying information about a package}{section.10.4}% 163
\BOOKMARK [0][-]{chapter.11}{Working with Virtual Machines}{part.2}% 164
\BOOKMARK [1][-]{section.11.1}{Introducing KVM Virtualization}{chapter.11}% 165
\BOOKMARK [2][-]{subsection.11.1.1}{CPU Virtualization Support}{section.11.1}% 166
\BOOKMARK [1][-]{section.11.2}{Managing Libvirt and KVM}{chapter.11}% 167
\BOOKMARK [1][-]{section.11.3}{Using virsh}{chapter.11}% 168
\BOOKMARK [2][-]{subsection.11.3.1}{Virsh commands}{section.11.3}% 169
\BOOKMARK [1][-]{section.11.4}{Using virt-manager}{chapter.11}% 170
\BOOKMARK [0][-]{chapter.12}{Scheduling Tasks}{part.2}% 171
\BOOKMARK [1][-]{section.12.1}{Cron vs at}{chapter.12}% 172
\BOOKMARK [2][-]{subsection.12.1.1}{Cron}{section.12.1}% 173
\BOOKMARK [2][-]{subsection.12.1.2}{at}{section.12.1}% 174
\BOOKMARK [1][-]{section.12.2}{Understanding Cron Configuration files and Execution times}{chapter.12}% 175
\BOOKMARK [2][-]{subsection.12.2.1}{crontab -e}{section.12.2}% 176
\BOOKMARK [2][-]{subsection.12.2.2}{Other cron config files}{section.12.2}% 177
\BOOKMARK [2][-]{subsection.12.2.3}{cron.d}{section.12.2}% 178
\BOOKMARK [1][-]{section.12.3}{Scheduling with cron}{chapter.12}% 179
\BOOKMARK [1][-]{section.12.4}{Using at}{chapter.12}% 180
\BOOKMARK [2][-]{subsection.12.4.1}{Scheduling using at}{section.12.4}% 181
\BOOKMARK [2][-]{subsection.12.4.2}{atq}{section.12.4}% 182
\BOOKMARK [2][-]{subsection.12.4.3}{Removing jobs from atq}{section.12.4}% 183
\BOOKMARK [0][-]{chapter.13}{Configuring Logging}{part.2}% 184
\BOOKMARK [1][-]{section.13.1}{Understanding rsyslogd and journald logging}{chapter.13}% 185
\BOOKMARK [2][-]{subsection.13.1.1}{Sharing logging information}{section.13.1}% 186
\BOOKMARK [1][-]{section.13.2}{Integrating rsyslogd and journald}{chapter.13}% 187
\BOOKMARK [2][-]{subsection.13.2.1}{rsyslog}{section.13.2}% 188
\BOOKMARK [2][-]{subsection.13.2.2}{journald}{section.13.2}% 189
\BOOKMARK [1][-]{section.13.3}{Configuring rsyslog logging}{chapter.13}% 190
\BOOKMARK [1][-]{section.13.4}{Working with journald}{chapter.13}% 191
\BOOKMARK [2][-]{subsection.13.4.1}{journalctl}{section.13.4}% 192
\BOOKMARK [1][-]{section.13.5}{Understanding logrotate}{chapter.13}% 193
\BOOKMARK [1][-]{section.13.6}{Configuring logrotate}{chapter.13}% 194
\BOOKMARK [2][-]{subsection.13.6.1}{Checking avialable hard disk space}{section.13.6}% 195
\BOOKMARK [0][-]{chapter.14}{Managing Partitions}{part.2}% 196
\BOOKMARK [1][-]{section.14.1}{Understanding Disk Layout}{chapter.14}% 197
\BOOKMARK [1][-]{section.14.2}{Creating Partitions}{chapter.14}% 198
\BOOKMARK [2][-]{subsection.14.2.1}{fdisk}{section.14.2}% 199
\BOOKMARK [1][-]{section.14.3}{Understanding File System Differences}{chapter.14}% 200
\BOOKMARK [1][-]{section.14.4}{Making the File System}{chapter.14}% 201
\BOOKMARK [2][-]{subsection.14.4.1}{mkfs}{section.14.4}% 202
\BOOKMARK [1][-]{section.14.5}{Mounting the Partition Manually}{chapter.14}% 203
\BOOKMARK [2][-]{subsection.14.5.1}{umount}{section.14.5}% 204
\BOOKMARK [1][-]{section.14.6}{Understanding /etc/fstab}{chapter.14}% 205
\BOOKMARK [1][-]{section.14.7}{Mounting partitions via /etc/fstab}{chapter.14}% 206
\BOOKMARK [2][-]{subsection.14.7.1}{Managing xfs file systems using xfs\137 commands}{section.14.7}% 207
\BOOKMARK [1][-]{section.14.8}{Understanding Encrypted Partitions}{chapter.14}% 208
\BOOKMARK [1][-]{section.14.9}{Creating a LUKS Encrypted Partition}{chapter.14}% 209
\BOOKMARK [2][-]{subsection.14.9.1}{Formatting the new partition}{section.14.9}% 210
\BOOKMARK [1][-]{section.14.10}{Dealing with "Enter root password for maintenance mode"}{chapter.14}% 211
\BOOKMARK [0][-]{chapter.15}{Managing LVM Logical Volumes}{part.2}% 212
\BOOKMARK [1][-]{section.15.1}{Why use LVM}{chapter.15}% 213
\BOOKMARK [1][-]{section.15.2}{Understanding LVM Setup}{chapter.15}% 214
\BOOKMARK [1][-]{section.15.3}{Creating an LVM Logical Volume}{chapter.15}% 215
\BOOKMARK [2][-]{subsection.15.3.1}{Creating a Physical Volume}{section.15.3}% 216
\BOOKMARK [2][-]{subsection.15.3.2}{Creating a Volume Group}{section.15.3}% 217
\BOOKMARK [2][-]{subsection.15.3.3}{Creating a Logical Volume}{section.15.3}% 218
\BOOKMARK [2][-]{subsection.15.3.4}{Creating a File system on the LV}{section.15.3}% 219
\BOOKMARK [1][-]{section.15.4}{Understanding Device Mapper and LVM Device Names}{chapter.15}% 220
\BOOKMARK [1][-]{section.15.5}{Understanding LVM resize operations}{chapter.15}% 221
\BOOKMARK [2][-]{subsection.15.5.1}{Extending the File System}{section.15.5}% 222
\BOOKMARK [2][-]{subsection.15.5.2}{Shrinking the File System}{section.15.5}% 223
\BOOKMARK [1][-]{section.15.6}{Growing an LVM Logical Volume}{chapter.15}% 224
\BOOKMARK [2][-]{subsection.15.6.1}{Creating a new logical volume in an extended partition to add to the VG}{section.15.6}% 225
\BOOKMARK [2][-]{subsection.15.6.2}{Extending the Volume Group}{section.15.6}% 226
\BOOKMARK [2][-]{subsection.15.6.3}{Extending the LV and the File System}{section.15.6}% 227
\BOOKMARK [1][-]{section.15.7}{Shrinking an LVM logical Volume}{chapter.15}% 228
\BOOKMARK [2][-]{subsection.15.7.1}{Reduce both File system and LV in a single step}{section.15.7}% 229
\BOOKMARK [-1][-]{part.3}{III Performing Advanced System Administration Tasks}{}% 230
\BOOKMARK [0][-]{chapter.16}{Managing the Kernel}{part.3}% 231
\BOOKMARK [1][-]{section.16.1}{Understanding the Modular Structure of the Kernel}{chapter.16}% 232
\BOOKMARK [1][-]{section.16.2}{Working with Kernel Modules}{chapter.16}% 233
\BOOKMARK [2][-]{subsection.16.2.1}{Viewling loaded Kernel Modules}{section.16.2}% 234
\BOOKMARK [2][-]{subsection.16.2.2}{Modprobe}{section.16.2}% 235
\BOOKMARK [1][-]{section.16.3}{Modifying the Kernel module behavior through modprobe}{chapter.16}% 236
\BOOKMARK [2][-]{subsection.16.3.1}{Setting kernel module parameters on older Linux versions}{section.16.3}% 237
\BOOKMARK [1][-]{section.16.4}{Tuning kernel behavior through proc}{chapter.16}% 238
\BOOKMARK [1][-]{section.16.5}{Using sysctl}{chapter.16}% 239
\BOOKMARK [2][-]{subsection.16.5.1}{sysctl command}{section.16.5}% 240
\BOOKMARK [1][-]{section.16.6}{Updating the kernel}{chapter.16}% 241
\BOOKMARK [0][-]{chapter.17}{Using Kickstart}{part.3}% 242
\BOOKMARK [1][-]{section.17.1}{Understanding Kickstart Usage}{chapter.17}% 243
\BOOKMARK [1][-]{section.17.2}{Creating a Kickstart file}{chapter.17}% 244
\BOOKMARK [2][-]{subsection.17.2.1}{Installation Scripts}{section.17.2}% 245
\BOOKMARK [1][-]{section.17.3}{Using the Kickstart file for Automatic installations}{chapter.17}% 246
\BOOKMARK [1][-]{section.17.4}{Using Kickstart files in fully automated data-centers}{chapter.17}% 247
\BOOKMARK [0][-]{chapter.18}{Managing and Understanding the Boot Procedure}{part.3}% 248
\BOOKMARK [1][-]{section.18.1}{Boot Procedure Generic Overview}{chapter.18}% 249
\BOOKMARK [1][-]{section.18.2}{Understanding Grub2}{chapter.18}% 250
\BOOKMARK [2][-]{subsection.18.2.1}{Booting in emergency mode}{section.18.2}% 251
\BOOKMARK [1][-]{section.18.3}{Modifying Grub2 Parameters}{chapter.18}% 252
\BOOKMARK [1][-]{section.18.4}{Understanding Systemd}{chapter.18}% 253
\BOOKMARK [2][-]{subsection.18.4.1}{Unit file}{section.18.4}% 254
\BOOKMARK [1][-]{section.18.5}{Managing Services in a systemd Environment}{chapter.18}% 255
\BOOKMARK [2][-]{subsection.18.5.1}{Service files}{section.18.5}% 256
\BOOKMARK [2][-]{subsection.18.5.2}{systemctl}{section.18.5}% 257
\BOOKMARK [2][-]{subsection.18.5.3}{Targets}{section.18.5}% 258
\BOOKMARK [2][-]{subsection.18.5.4}{Wants}{section.18.5}% 259
\BOOKMARK [2][-]{subsection.18.5.5}{Viewing Currently Loaded Targets}{section.18.5}% 260
\BOOKMARK [1][-]{section.18.6}{Understanding systemd Targets}{chapter.18}% 261
\BOOKMARK [2][-]{subsection.18.6.1}{Services related to targets}{section.18.6}% 262
\BOOKMARK [1][-]{section.18.7}{Switching between systemd Targets}{chapter.18}% 263
\BOOKMARK [2][-]{subsection.18.7.1}{Switching to another target from an operational environment}{section.18.7}% 264
\BOOKMARK [2][-]{subsection.18.7.2}{Selecting target from Grub Boot menu}{section.18.7}% 265
\BOOKMARK [2][-]{subsection.18.7.3}{Emergency mode}{section.18.7}% 266
\BOOKMARK [1][-]{section.18.8}{Managing File System mounts in a systemd Environment}{chapter.18}% 267
\BOOKMARK [1][-]{section.18.9}{Managing Automount in a systemd Environment}{chapter.18}% 268
\BOOKMARK [2][-]{subsection.18.9.1}{Automount Unit file}{section.18.9}% 269
\BOOKMARK [2][-]{subsection.18.9.2}{Difference between enabling Mount vs Automount Units}{section.18.9}% 270
\BOOKMARK [0][-]{chapter.19}{Applying Essential Troubleshooting Skills}{part.3}% 271
\BOOKMARK [1][-]{section.19.1}{Making Grub Changes persistent}{chapter.19}% 272
\BOOKMARK [2][-]{subsection.19.1.1}{Changes made during boot}{section.19.1}% 273
\BOOKMARK [2][-]{subsection.19.1.2}{Changes made in Configuraiton File}{section.19.1}% 274
\BOOKMARK [1][-]{section.19.2}{Using rd.break to Reset the Root Password}{chapter.19}% 275
\BOOKMARK [-1][-]{part.4}{IV Managing Network Services}{}% 276
\BOOKMARK [0][-]{chapter.20}{Managing HTTP Services}{part.4}% 277
\BOOKMARK [1][-]{section.20.1}{Understanding Apache Configuration}{chapter.20}% 278
\BOOKMARK [1][-]{section.20.2}{Creating a Basic Web Site}{chapter.20}% 279
\BOOKMARK [0][-]{chapter.21}{Managing SELinux}{part.4}% 280
\BOOKMARK [1][-]{section.21.1}{Understanding the Need for SELinux}{chapter.21}% 281
\BOOKMARK [2][-]{subsection.21.1.1}{SELinux and Syscalls}{section.21.1}% 282
\BOOKMARK [1][-]{section.21.2}{Understanding SELinux Modes and Policy}{chapter.21}% 283
\BOOKMARK [2][-]{subsection.21.2.1}{SELinux Mode}{section.21.2}% 284
\BOOKMARK [2][-]{subsection.21.2.2}{Context and Policies}{section.21.2}% 285
\BOOKMARK [2][-]{subsection.21.2.3}{Booleans}{section.21.2}% 286
\BOOKMARK [1][-]{section.21.3}{Understanding SELinux Lables and Booleans}{chapter.21}% 287
\BOOKMARK [2][-]{subsection.21.3.1}{File being moved instead of copied}{section.21.3}% 288
\BOOKMARK [2][-]{subsection.21.3.2}{semanage}{section.21.3}% 289
\BOOKMARK [1][-]{section.21.4}{Understanding File System Labels}{chapter.21}% 290
\BOOKMARK [1][-]{section.21.5}{Understanding semanage fcontext and chcon differences}{chapter.21}% 291
\BOOKMARK [1][-]{section.21.6}{Using Booleans}{chapter.21}% 292
\BOOKMARK [1][-]{section.21.7}{Analyzing SELinux Log Files}{chapter.21}% 293
\BOOKMARK [1][-]{section.21.8}{Configuring SELinux for Apache}{chapter.21}% 294
\BOOKMARK [0][-]{chapter.22}{Configuring a Firewall}{part.4}% 295
\BOOKMARK [1][-]{section.22.1}{Understanding Firewall Configuration}{chapter.22}% 296
\BOOKMARK [1][-]{section.22.2}{Using Firewalld}{chapter.22}% 297
\BOOKMARK [2][-]{subsection.22.2.1}{Default Zone}{section.22.2}% 298
\BOOKMARK [2][-]{subsection.22.2.2}{Services}{section.22.2}% 299
\BOOKMARK [2][-]{subsection.22.2.3}{Adding services to zones}{section.22.2}% 300
\BOOKMARK [2][-]{subsection.22.2.4}{firewall-config}{section.22.2}% 301
\BOOKMARK [0][-]{chapter.23}{Configuring FTP Services}{part.4}% 302
\BOOKMARK [1][-]{section.23.1}{Understanding FTP Configuration}{chapter.23}% 303
\BOOKMARK [2][-]{subsection.23.1.1}{Types of FTP users}{section.23.1}% 304
\BOOKMARK [1][-]{section.23.2}{Configuring an FTP Server for anonymous download}{chapter.23}% 305
\BOOKMARK [2][-]{subsection.23.2.1}{vsftpd.conf}{section.23.2}% 306
\BOOKMARK [0][-]{chapter.24}{Configuring Time Services}{part.4}% 307
\BOOKMARK [1][-]{section.24.1}{Understanding Time on Linux}{chapter.24}% 308
\BOOKMARK [1][-]{section.24.2}{Setting up a Chrony Time Server}{chapter.24}% 309
\BOOKMARK [2][-]{subsection.24.2.1}{NTP \046 Chronyd Service}{section.24.2}% 310
\BOOKMARK [0][-]{chapter.25}{Configuring VNC Access}{part.4}% 311
\BOOKMARK [1][-]{section.25.1}{Understanding VNC}{chapter.25}% 312
\BOOKMARK [1][-]{section.25.2}{Configuring a VNC Server}{chapter.25}% 313
\BOOKMARK [2][-]{subsection.25.2.1}{Creating the VNC Server Configuration File}{section.25.2}% 314
\BOOKMARK [1][-]{section.25.3}{Connecting to a VNC Server}{chapter.25}% 315
\BOOKMARK [0][-]{chapter.26}{Keyboard Shortcuts}{part.4}% 316
