This is pdfTeX, Version 3.14159265-2.6-1.40.18 (MiKTeX 2.9.6350 64-bit) (preloaded format=pdflatex 2017.10.12)  8 DEC 2017 07:23
entering extended mode
**./RHCSA.tex
(RHCSA.tex
LaTeX2e <2017-04-15>
Babel <3.10> and hyphenation patterns for 75 language(s) loaded.
(format.tex ("C:\Program Files\MiKTeX 2.9\tex\latex\base\report.cls"
Document Class: report 2014/09/29 v1.4h Standard LaTeX document class
("C:\Program Files\MiKTeX 2.9\tex\latex\base\size10.clo"
File: size10.clo 2014/09/29 v1.4h Standard LaTeX file (size option)
)
\c@part=\count79
\c@chapter=\count80
\c@section=\count81
\c@subsection=\count82
\c@subsubsection=\count83
\c@paragraph=\count84
\c@subparagraph=\count85
\c@figure=\count86
\c@table=\count87
\abovecaptionskip=\skip41
\belowcaptionskip=\skip42
\bibindent=\dimen102
)
("C:\Program Files\MiKTeX 2.9\tex\latex\base\inputenc.sty"
Package: inputenc 2015/03/17 v1.2c Input encoding file
\inpenc@prehook=\toks14
\inpenc@posthook=\toks15

("C:\Program Files\MiKTeX 2.9\tex\latex\base\utf8.def"
File: utf8.def 2017/01/28 v1.1t UTF-8 support for inputenc
Now handling font encoding OML ...
... no UTF-8 mapping file for font encoding OML
Now handling font encoding T1 ...
... processing UTF-8 mapping file for font encoding T1

("C:\Program Files\MiKTeX 2.9\tex\latex\base\t1enc.dfu"
File: t1enc.dfu 2017/01/28 v1.1t UTF-8 support for inputenc
   defining Unicode char U+00A0 (decimal 160)
   defining Unicode char U+00A1 (decimal 161)
   defining Unicode char U+00A3 (decimal 163)
   defining Unicode char U+00AB (decimal 171)
   defining Unicode char U+00AD (decimal 173)
   defining Unicode char U+00BB (decimal 187)
   defining Unicode char U+00BF (decimal 191)
   defining Unicode char U+00C0 (decimal 192)
   defining Unicode char U+00C1 (decimal 193)
   defining Unicode char U+00C2 (decimal 194)
   defining Unicode char U+00C3 (decimal 195)
   defining Unicode char U+00C4 (decimal 196)
   defining Unicode char U+00C5 (decimal 197)
   defining Unicode char U+00C6 (decimal 198)
   defining Unicode char U+00C7 (decimal 199)
   defining Unicode char U+00C8 (decimal 200)
   defining Unicode char U+00C9 (decimal 201)
   defining Unicode char U+00CA (decimal 202)
   defining Unicode char U+00CB (decimal 203)
   defining Unicode char U+00CC (decimal 204)
   defining Unicode char U+00CD (decimal 205)
   defining Unicode char U+00CE (decimal 206)
   defining Unicode char U+00CF (decimal 207)
   defining Unicode char U+00D0 (decimal 208)
   defining Unicode char U+00D1 (decimal 209)
   defining Unicode char U+00D2 (decimal 210)
   defining Unicode char U+00D3 (decimal 211)
   defining Unicode char U+00D4 (decimal 212)
   defining Unicode char U+00D5 (decimal 213)
   defining Unicode char U+00D6 (decimal 214)
   defining Unicode char U+00D8 (decimal 216)
   defining Unicode char U+00D9 (decimal 217)
   defining Unicode char U+00DA (decimal 218)
   defining Unicode char U+00DB (decimal 219)
   defining Unicode char U+00DC (decimal 220)
   defining Unicode char U+00DD (decimal 221)
   defining Unicode char U+00DE (decimal 222)
   defining Unicode char U+00DF (decimal 223)
   defining Unicode char U+00E0 (decimal 224)
   defining Unicode char U+00E1 (decimal 225)
   defining Unicode char U+00E2 (decimal 226)
   defining Unicode char U+00E3 (decimal 227)
   defining Unicode char U+00E4 (decimal 228)
   defining Unicode char U+00E5 (decimal 229)
   defining Unicode char U+00E6 (decimal 230)
   defining Unicode char U+00E7 (decimal 231)
   defining Unicode char U+00E8 (decimal 232)
   defining Unicode char U+00E9 (decimal 233)
   defining Unicode char U+00EA (decimal 234)
   defining Unicode char U+00EB (decimal 235)
   defining Unicode char U+00EC (decimal 236)
   defining Unicode char U+00ED (decimal 237)
   defining Unicode char U+00EE (decimal 238)
   defining Unicode char U+00EF (decimal 239)
   defining Unicode char U+00F0 (decimal 240)
   defining Unicode char U+00F1 (decimal 241)
   defining Unicode char U+00F2 (decimal 242)
   defining Unicode char U+00F3 (decimal 243)
   defining Unicode char U+00F4 (decimal 244)
   defining Unicode char U+00F5 (decimal 245)
   defining Unicode char U+00F6 (decimal 246)
   defining Unicode char U+00F8 (decimal 248)
   defining Unicode char U+00F9 (decimal 249)
   defining Unicode char U+00FA (decimal 250)
   defining Unicode char U+00FB (decimal 251)
   defining Unicode char U+00FC (decimal 252)
   defining Unicode char U+00FD (decimal 253)
   defining Unicode char U+00FE (decimal 254)
   defining Unicode char U+00FF (decimal 255)
   defining Unicode char U+0100 (decimal 256)
   defining Unicode char U+0101 (decimal 257)
   defining Unicode char U+0102 (decimal 258)
   defining Unicode char U+0103 (decimal 259)
   defining Unicode char U+0104 (decimal 260)
   defining Unicode char U+0105 (decimal 261)
   defining Unicode char U+0106 (decimal 262)
   defining Unicode char U+0107 (decimal 263)
   defining Unicode char U+0108 (decimal 264)
   defining Unicode char U+0109 (decimal 265)
   defining Unicode char U+010A (decimal 266)
   defining Unicode char U+010B (decimal 267)
   defining Unicode char U+010C (decimal 268)
   defining Unicode char U+010D (decimal 269)
   defining Unicode char U+010E (decimal 270)
   defining Unicode char U+010F (decimal 271)
   defining Unicode char U+0110 (decimal 272)
   defining Unicode char U+0111 (decimal 273)
   defining Unicode char U+0112 (decimal 274)
   defining Unicode char U+0113 (decimal 275)
   defining Unicode char U+0114 (decimal 276)
   defining Unicode char U+0115 (decimal 277)
   defining Unicode char U+0116 (decimal 278)
   defining Unicode char U+0117 (decimal 279)
   defining Unicode char U+0118 (decimal 280)
   defining Unicode char U+0119 (decimal 281)
   defining Unicode char U+011A (decimal 282)
   defining Unicode char U+011B (decimal 283)
   defining Unicode char U+011C (decimal 284)
   defining Unicode char U+011D (decimal 285)
   defining Unicode char U+011E (decimal 286)
   defining Unicode char U+011F (decimal 287)
   defining Unicode char U+0120 (decimal 288)
   defining Unicode char U+0121 (decimal 289)
   defining Unicode char U+0122 (decimal 290)
   defining Unicode char U+0123 (decimal 291)
   defining Unicode char U+0124 (decimal 292)
   defining Unicode char U+0125 (decimal 293)
   defining Unicode char U+0128 (decimal 296)
   defining Unicode char U+0129 (decimal 297)
   defining Unicode char U+012A (decimal 298)
   defining Unicode char U+012B (decimal 299)
   defining Unicode char U+012C (decimal 300)
   defining Unicode char U+012D (decimal 301)
   defining Unicode char U+012E (decimal 302)
   defining Unicode char U+012F (decimal 303)
   defining Unicode char U+0130 (decimal 304)
   defining Unicode char U+0131 (decimal 305)
   defining Unicode char U+0132 (decimal 306)
   defining Unicode char U+0133 (decimal 307)
   defining Unicode char U+0134 (decimal 308)
   defining Unicode char U+0135 (decimal 309)
   defining Unicode char U+0136 (decimal 310)
   defining Unicode char U+0137 (decimal 311)
   defining Unicode char U+0139 (decimal 313)
   defining Unicode char U+013A (decimal 314)
   defining Unicode char U+013B (decimal 315)
   defining Unicode char U+013C (decimal 316)
   defining Unicode char U+013D (decimal 317)
   defining Unicode char U+013E (decimal 318)
   defining Unicode char U+0141 (decimal 321)
   defining Unicode char U+0142 (decimal 322)
   defining Unicode char U+0143 (decimal 323)
   defining Unicode char U+0144 (decimal 324)
   defining Unicode char U+0145 (decimal 325)
   defining Unicode char U+0146 (decimal 326)
   defining Unicode char U+0147 (decimal 327)
   defining Unicode char U+0148 (decimal 328)
   defining Unicode char U+014A (decimal 330)
   defining Unicode char U+014B (decimal 331)
   defining Unicode char U+014C (decimal 332)
   defining Unicode char U+014D (decimal 333)
   defining Unicode char U+014E (decimal 334)
   defining Unicode char U+014F (decimal 335)
   defining Unicode char U+0150 (decimal 336)
   defining Unicode char U+0151 (decimal 337)
   defining Unicode char U+0152 (decimal 338)
   defining Unicode char U+0153 (decimal 339)
   defining Unicode char U+0154 (decimal 340)
   defining Unicode char U+0155 (decimal 341)
   defining Unicode char U+0156 (decimal 342)
   defining Unicode char U+0157 (decimal 343)
   defining Unicode char U+0158 (decimal 344)
   defining Unicode char U+0159 (decimal 345)
   defining Unicode char U+015A (decimal 346)
   defining Unicode char U+015B (decimal 347)
   defining Unicode char U+015C (decimal 348)
   defining Unicode char U+015D (decimal 349)
   defining Unicode char U+015E (decimal 350)
   defining Unicode char U+015F (decimal 351)
   defining Unicode char U+0160 (decimal 352)
   defining Unicode char U+0161 (decimal 353)
   defining Unicode char U+0162 (decimal 354)
   defining Unicode char U+0163 (decimal 355)
   defining Unicode char U+0164 (decimal 356)
   defining Unicode char U+0165 (decimal 357)
   defining Unicode char U+0168 (decimal 360)
   defining Unicode char U+0169 (decimal 361)
   defining Unicode char U+016A (decimal 362)
   defining Unicode char U+016B (decimal 363)
   defining Unicode char U+016C (decimal 364)
   defining Unicode char U+016D (decimal 365)
   defining Unicode char U+016E (decimal 366)
   defining Unicode char U+016F (decimal 367)
   defining Unicode char U+0170 (decimal 368)
   defining Unicode char U+0171 (decimal 369)
   defining Unicode char U+0172 (decimal 370)
   defining Unicode char U+0173 (decimal 371)
   defining Unicode char U+0174 (decimal 372)
   defining Unicode char U+0175 (decimal 373)
   defining Unicode char U+0176 (decimal 374)
   defining Unicode char U+0177 (decimal 375)
   defining Unicode char U+0178 (decimal 376)
   defining Unicode char U+0179 (decimal 377)
   defining Unicode char U+017A (decimal 378)
   defining Unicode char U+017B (decimal 379)
   defining Unicode char U+017C (decimal 380)
   defining Unicode char U+017D (decimal 381)
   defining Unicode char U+017E (decimal 382)
   defining Unicode char U+01CD (decimal 461)
   defining Unicode char U+01CE (decimal 462)
   defining Unicode char U+01CF (decimal 463)
   defining Unicode char U+01D0 (decimal 464)
   defining Unicode char U+01D1 (decimal 465)
   defining Unicode char U+01D2 (decimal 466)
   defining Unicode char U+01D3 (decimal 467)
   defining Unicode char U+01D4 (decimal 468)
   defining Unicode char U+01E2 (decimal 482)
   defining Unicode char U+01E3 (decimal 483)
   defining Unicode char U+01E6 (decimal 486)
   defining Unicode char U+01E7 (decimal 487)
   defining Unicode char U+01E8 (decimal 488)
   defining Unicode char U+01E9 (decimal 489)
   defining Unicode char U+01EA (decimal 490)
   defining Unicode char U+01EB (decimal 491)
   defining Unicode char U+01F0 (decimal 496)
   defining Unicode char U+01F4 (decimal 500)
   defining Unicode char U+01F5 (decimal 501)
   defining Unicode char U+0218 (decimal 536)
   defining Unicode char U+0219 (decimal 537)
   defining Unicode char U+021A (decimal 538)
   defining Unicode char U+021B (decimal 539)
   defining Unicode char U+0232 (decimal 562)
   defining Unicode char U+0233 (decimal 563)
   defining Unicode char U+1E02 (decimal 7682)
   defining Unicode char U+1E03 (decimal 7683)
   defining Unicode char U+200C (decimal 8204)
   defining Unicode char U+2010 (decimal 8208)
   defining Unicode char U+2011 (decimal 8209)
   defining Unicode char U+2012 (decimal 8210)
   defining Unicode char U+2013 (decimal 8211)
   defining Unicode char U+2014 (decimal 8212)
   defining Unicode char U+2015 (decimal 8213)
   defining Unicode char U+2018 (decimal 8216)
   defining Unicode char U+2019 (decimal 8217)
   defining Unicode char U+201A (decimal 8218)
   defining Unicode char U+201C (decimal 8220)
   defining Unicode char U+201D (decimal 8221)
   defining Unicode char U+201E (decimal 8222)
   defining Unicode char U+2030 (decimal 8240)
   defining Unicode char U+2031 (decimal 8241)
   defining Unicode char U+2039 (decimal 8249)
   defining Unicode char U+203A (decimal 8250)
   defining Unicode char U+2423 (decimal 9251)
   defining Unicode char U+1E20 (decimal 7712)
   defining Unicode char U+1E21 (decimal 7713)
)
Now handling font encoding OT1 ...
... processing UTF-8 mapping file for font encoding OT1

("C:\Program Files\MiKTeX 2.9\tex\latex\base\ot1enc.dfu"
File: ot1enc.dfu 2017/01/28 v1.1t UTF-8 support for inputenc
   defining Unicode char U+00A0 (decimal 160)
   defining Unicode char U+00A1 (decimal 161)
   defining Unicode char U+00A3 (decimal 163)
   defining Unicode char U+00AD (decimal 173)
   defining Unicode char U+00B8 (decimal 184)
   defining Unicode char U+00BF (decimal 191)
   defining Unicode char U+00C5 (decimal 197)
   defining Unicode char U+00C6 (decimal 198)
   defining Unicode char U+00D8 (decimal 216)
   defining Unicode char U+00DF (decimal 223)
   defining Unicode char U+00E6 (decimal 230)
   defining Unicode char U+00EC (decimal 236)
   defining Unicode char U+00ED (decimal 237)
   defining Unicode char U+00EE (decimal 238)
   defining Unicode char U+00EF (decimal 239)
   defining Unicode char U+00F8 (decimal 248)
   defining Unicode char U+0131 (decimal 305)
   defining Unicode char U+0141 (decimal 321)
   defining Unicode char U+0142 (decimal 322)
   defining Unicode char U+0152 (decimal 338)
   defining Unicode char U+0153 (decimal 339)
   defining Unicode char U+0174 (decimal 372)
   defining Unicode char U+0175 (decimal 373)
   defining Unicode char U+0176 (decimal 374)
   defining Unicode char U+0177 (decimal 375)
   defining Unicode char U+0218 (decimal 536)
   defining Unicode char U+0219 (decimal 537)
   defining Unicode char U+021A (decimal 538)
   defining Unicode char U+021B (decimal 539)
   defining Unicode char U+2013 (decimal 8211)
   defining Unicode char U+2014 (decimal 8212)
   defining Unicode char U+2018 (decimal 8216)
   defining Unicode char U+2019 (decimal 8217)
   defining Unicode char U+201C (decimal 8220)
   defining Unicode char U+201D (decimal 8221)
)
Now handling font encoding OMS ...
... processing UTF-8 mapping file for font encoding OMS

("C:\Program Files\MiKTeX 2.9\tex\latex\base\omsenc.dfu"
File: omsenc.dfu 2017/01/28 v1.1t UTF-8 support for inputenc
   defining Unicode char U+00A7 (decimal 167)
   defining Unicode char U+00B6 (decimal 182)
   defining Unicode char U+00B7 (decimal 183)
   defining Unicode char U+2020 (decimal 8224)
   defining Unicode char U+2021 (decimal 8225)
   defining Unicode char U+2022 (decimal 8226)
)
Now handling font encoding OMX ...
... no UTF-8 mapping file for font encoding OMX
Now handling font encoding U ...
... no UTF-8 mapping file for font encoding U
   defining Unicode char U+00A9 (decimal 169)
   defining Unicode char U+00AA (decimal 170)
   defining Unicode char U+00AE (decimal 174)
   defining Unicode char U+00BA (decimal 186)
   defining Unicode char U+02C6 (decimal 710)
   defining Unicode char U+02DC (decimal 732)
   defining Unicode char U+200C (decimal 8204)
   defining Unicode char U+2026 (decimal 8230)
   defining Unicode char U+2122 (decimal 8482)
   defining Unicode char U+2423 (decimal 9251)
))
("C:\Program Files\MiKTeX 2.9\tex\latex\psnfss\helvet.sty"
Package: helvet 2005/04/12 PSNFSS-v9.2a (WaS) 

("C:\Program Files\MiKTeX 2.9\tex\latex\graphics\keyval.sty"
Package: keyval 2014/10/28 v1.15 key=value parser (DPC)
\KV@toks@=\toks16
))
("C:\Program Files\MiKTeX 2.9\tex\latex\base\fontenc.sty"
Package: fontenc 2017/04/05 v2.0i Standard LaTeX package

("C:\Program Files\MiKTeX 2.9\tex\latex\base\t1enc.def"
File: t1enc.def 2017/04/05 v2.0i Standard LaTeX file
LaTeX Font Info:    Redeclaring font encoding T1 on input line 48.
))
("C:\Program Files\MiKTeX 2.9\tex\latex\geometry\geometry.sty"
Package: geometry 2010/09/12 v5.6 Page Geometry

("C:\Program Files\MiKTeX 2.9\tex\generic\oberdiek\ifpdf.sty"
Package: ifpdf 2017/03/15 v3.2 Provides the ifpdf switch
)
("C:\Program Files\MiKTeX 2.9\tex\generic\oberdiek\ifvtex.sty"
Package: ifvtex 2016/05/16 v1.6 Detect VTeX and its facilities (HO)
Package ifvtex Info: VTeX not detected.
)
("C:\Program Files\MiKTeX 2.9\tex\generic\ifxetex\ifxetex.sty"
Package: ifxetex 2010/09/12 v0.6 Provides ifxetex conditional
)
\Gm@cnth=\count88
\Gm@cntv=\count89
\c@Gm@tempcnt=\count90
\Gm@bindingoffset=\dimen103
\Gm@wd@mp=\dimen104
\Gm@odd@mp=\dimen105
\Gm@even@mp=\dimen106
\Gm@layoutwidth=\dimen107
\Gm@layoutheight=\dimen108
\Gm@layouthoffset=\dimen109
\Gm@layoutvoffset=\dimen110
\Gm@dimlist=\toks17

("C:\Program Files\MiKTeX 2.9\tex\latex\geometry\geometry.cfg"))

Package geometry Warning: Over-specification in `h'-direction.
    `width' (483.69684pt) is ignored.


Package geometry Warning: Over-specification in `v'-direction.
    `height' (731.23582pt) is ignored.

("C:\Program Files\MiKTeX 2.9\tex\latex\minted\minted.sty"
Package: minted 2017/07/19 v2.5 Yet another Pygments shim for LaTeX

("C:\Program Files\MiKTeX 2.9\tex\latex\oberdiek\kvoptions.sty"
Package: kvoptions 2016/05/16 v3.12 Key value format for package options (HO)

("C:\Program Files\MiKTeX 2.9\tex\generic\oberdiek\ltxcmds.sty"
Package: ltxcmds 2016/05/16 v1.23 LaTeX kernel commands for general use (HO)
)
("C:\Program Files\MiKTeX 2.9\tex\generic\oberdiek\kvsetkeys.sty"
Package: kvsetkeys 2016/05/16 v1.17 Key value parser (HO)

("C:\Program Files\MiKTeX 2.9\tex\generic\oberdiek\infwarerr.sty"
Package: infwarerr 2016/05/16 v1.4 Providing info/warning/error messages (HO)
)
("C:\Program Files\MiKTeX 2.9\tex\generic\oberdiek\etexcmds.sty"
Package: etexcmds 2016/05/16 v1.6 Avoid name clashes with e-TeX commands (HO)

("C:\Program Files\MiKTeX 2.9\tex\generic\oberdiek\ifluatex.sty"
Package: ifluatex 2016/05/16 v1.4 Provides the ifluatex switch (HO)
Package ifluatex Info: LuaTeX not detected.
)
Package etexcmds Info: Could not find \expanded.
(etexcmds)             That can mean that you are not using pdfTeX 1.50 or
(etexcmds)             that some package has redefined \expanded.
(etexcmds)             In the latter case, load this package earlier.
)))
("C:\Program Files\MiKTeX 2.9\tex\latex\fvextra\fvextra.sty"
Package: fvextra 2017/07/08 v1.3.1 fvextra - extensions and patches for fancyvr
b

("C:\Program Files\MiKTeX 2.9\tex\latex\base\ifthen.sty"
Package: ifthen 2014/09/29 v1.1c Standard LaTeX ifthen package (DPC)
)
("C:\Program Files\MiKTeX 2.9\tex\latex\etoolbox\etoolbox.sty"
Package: etoolbox 2017/01/02 v2.4 e-TeX tools for LaTeX (JAW)
\etb@tempcnta=\count91
)
("C:\Program Files\MiKTeX 2.9\tex\latex\fancyvrb\fancyvrb.sty"
Package: fancyvrb 2008/02/07

Style option: `fancyvrb' v2.7a, with DG/SPQR fixes, and firstline=lastline fix 
<2008/02/07> (tvz)
\FV@CodeLineNo=\count92
\FV@InFile=\read1
\FV@TabBox=\box26
\c@FancyVerbLine=\count93
\FV@StepNumber=\count94
\FV@OutFile=\write3
) ("C:\Program Files\MiKTeX 2.9\tex\latex\upquote\upquote.sty"
Package: upquote 2012/04/19 v1.3 upright-quote and grave-accent glyphs in verba
tim
 ("C:\Program Files\MiKTeX 2.9\tex\latex\base\textcomp.sty"
Package: textcomp 2017/04/05 v2.0i Standard LaTeX package
Package textcomp Info: Sub-encoding information:
(textcomp)               5 = only ISO-Adobe without \textcurrency
(textcomp)               4 = 5 + \texteuro
(textcomp)               3 = 4 + \textohm
(textcomp)               2 = 3 + \textestimated + \textcurrency
(textcomp)               1 = TS1 - \textcircled - \t
(textcomp)               0 = TS1 (full)
(textcomp)             Font families with sub-encoding setting implement
(textcomp)             only a restricted character set as indicated.
(textcomp)             Family '?' is the default used for unknown fonts.
(textcomp)             See the documentation for details.
Package textcomp Info: Setting ? sub-encoding to TS1/1 on input line 79.

("C:\Program Files\MiKTeX 2.9\tex\latex\base\ts1enc.def"
File: ts1enc.def 2001/06/05 v3.0e (jk/car/fm) Standard LaTeX file
Now handling font encoding TS1 ...
... processing UTF-8 mapping file for font encoding TS1

("C:\Program Files\MiKTeX 2.9\tex\latex\base\ts1enc.dfu"
File: ts1enc.dfu 2017/01/28 v1.1t UTF-8 support for inputenc
   defining Unicode char U+00A2 (decimal 162)
   defining Unicode char U+00A3 (decimal 163)
   defining Unicode char U+00A4 (decimal 164)
   defining Unicode char U+00A5 (decimal 165)
   defining Unicode char U+00A6 (decimal 166)
   defining Unicode char U+00A7 (decimal 167)
   defining Unicode char U+00A8 (decimal 168)
   defining Unicode char U+00A9 (decimal 169)
   defining Unicode char U+00AA (decimal 170)
   defining Unicode char U+00AC (decimal 172)
   defining Unicode char U+00AE (decimal 174)
   defining Unicode char U+00AF (decimal 175)
   defining Unicode char U+00B0 (decimal 176)
   defining Unicode char U+00B1 (decimal 177)
   defining Unicode char U+00B2 (decimal 178)
   defining Unicode char U+00B3 (decimal 179)
   defining Unicode char U+00B4 (decimal 180)
   defining Unicode char U+00B5 (decimal 181)
   defining Unicode char U+00B6 (decimal 182)
   defining Unicode char U+00B7 (decimal 183)
   defining Unicode char U+00B9 (decimal 185)
   defining Unicode char U+00BA (decimal 186)
   defining Unicode char U+00BC (decimal 188)
   defining Unicode char U+00BD (decimal 189)
   defining Unicode char U+00BE (decimal 190)
   defining Unicode char U+00D7 (decimal 215)
   defining Unicode char U+00F7 (decimal 247)
   defining Unicode char U+0192 (decimal 402)
   defining Unicode char U+02C7 (decimal 711)
   defining Unicode char U+02D8 (decimal 728)
   defining Unicode char U+02DD (decimal 733)
   defining Unicode char U+0E3F (decimal 3647)
   defining Unicode char U+2016 (decimal 8214)
   defining Unicode char U+2020 (decimal 8224)
   defining Unicode char U+2021 (decimal 8225)
   defining Unicode char U+2022 (decimal 8226)
   defining Unicode char U+2030 (decimal 8240)
   defining Unicode char U+2031 (decimal 8241)
   defining Unicode char U+203B (decimal 8251)
   defining Unicode char U+203D (decimal 8253)
   defining Unicode char U+2044 (decimal 8260)
   defining Unicode char U+204E (decimal 8270)
   defining Unicode char U+2052 (decimal 8274)
   defining Unicode char U+20A1 (decimal 8353)
   defining Unicode char U+20A4 (decimal 8356)
   defining Unicode char U+20A6 (decimal 8358)
   defining Unicode char U+20A9 (decimal 8361)
   defining Unicode char U+20AB (decimal 8363)
   defining Unicode char U+20AC (decimal 8364)
   defining Unicode char U+20B1 (decimal 8369)
   defining Unicode char U+2103 (decimal 8451)
   defining Unicode char U+2116 (decimal 8470)
   defining Unicode char U+2117 (decimal 8471)
   defining Unicode char U+211E (decimal 8478)
   defining Unicode char U+2120 (decimal 8480)
   defining Unicode char U+2122 (decimal 8482)
   defining Unicode char U+2126 (decimal 8486)
   defining Unicode char U+2127 (decimal 8487)
   defining Unicode char U+212E (decimal 8494)
   defining Unicode char U+2190 (decimal 8592)
   defining Unicode char U+2191 (decimal 8593)
   defining Unicode char U+2192 (decimal 8594)
   defining Unicode char U+2193 (decimal 8595)
   defining Unicode char U+2329 (decimal 9001)
   defining Unicode char U+232A (decimal 9002)
   defining Unicode char U+2422 (decimal 9250)
   defining Unicode char U+25E6 (decimal 9702)
   defining Unicode char U+25EF (decimal 9711)
   defining Unicode char U+266A (decimal 9834)
))
LaTeX Info: Redefining \oldstylenums on input line 334.
Package textcomp Info: Setting cmr sub-encoding to TS1/0 on input line 349.
Package textcomp Info: Setting cmss sub-encoding to TS1/0 on input line 350.
Package textcomp Info: Setting cmtt sub-encoding to TS1/0 on input line 351.
Package textcomp Info: Setting cmvtt sub-encoding to TS1/0 on input line 352.
Package textcomp Info: Setting cmbr sub-encoding to TS1/0 on input line 353.
Package textcomp Info: Setting cmtl sub-encoding to TS1/0 on input line 354.
Package textcomp Info: Setting ccr sub-encoding to TS1/0 on input line 355.
Package textcomp Info: Setting ptm sub-encoding to TS1/4 on input line 356.
Package textcomp Info: Setting pcr sub-encoding to TS1/4 on input line 357.
Package textcomp Info: Setting phv sub-encoding to TS1/4 on input line 358.
Package textcomp Info: Setting ppl sub-encoding to TS1/3 on input line 359.
Package textcomp Info: Setting pag sub-encoding to TS1/4 on input line 360.
Package textcomp Info: Setting pbk sub-encoding to TS1/4 on input line 361.
Package textcomp Info: Setting pnc sub-encoding to TS1/4 on input line 362.
Package textcomp Info: Setting pzc sub-encoding to TS1/4 on input line 363.
Package textcomp Info: Setting bch sub-encoding to TS1/4 on input line 364.
Package textcomp Info: Setting put sub-encoding to TS1/5 on input line 365.
Package textcomp Info: Setting uag sub-encoding to TS1/5 on input line 366.
Package textcomp Info: Setting ugq sub-encoding to TS1/5 on input line 367.
Package textcomp Info: Setting ul8 sub-encoding to TS1/4 on input line 368.
Package textcomp Info: Setting ul9 sub-encoding to TS1/4 on input line 369.
Package textcomp Info: Setting augie sub-encoding to TS1/5 on input line 370.
Package textcomp Info: Setting dayrom sub-encoding to TS1/3 on input line 371.
Package textcomp Info: Setting dayroms sub-encoding to TS1/3 on input line 372.

Package textcomp Info: Setting pxr sub-encoding to TS1/0 on input line 373.
Package textcomp Info: Setting pxss sub-encoding to TS1/0 on input line 374.
Package textcomp Info: Setting pxtt sub-encoding to TS1/0 on input line 375.
Package textcomp Info: Setting txr sub-encoding to TS1/0 on input line 376.
Package textcomp Info: Setting txss sub-encoding to TS1/0 on input line 377.
Package textcomp Info: Setting txtt sub-encoding to TS1/0 on input line 378.
Package textcomp Info: Setting lmr sub-encoding to TS1/0 on input line 379.
Package textcomp Info: Setting lmdh sub-encoding to TS1/0 on input line 380.
Package textcomp Info: Setting lmss sub-encoding to TS1/0 on input line 381.
Package textcomp Info: Setting lmssq sub-encoding to TS1/0 on input line 382.
Package textcomp Info: Setting lmvtt sub-encoding to TS1/0 on input line 383.
Package textcomp Info: Setting lmtt sub-encoding to TS1/0 on input line 384.
Package textcomp Info: Setting qhv sub-encoding to TS1/0 on input line 385.
Package textcomp Info: Setting qag sub-encoding to TS1/0 on input line 386.
Package textcomp Info: Setting qbk sub-encoding to TS1/0 on input line 387.
Package textcomp Info: Setting qcr sub-encoding to TS1/0 on input line 388.
Package textcomp Info: Setting qcs sub-encoding to TS1/0 on input line 389.
Package textcomp Info: Setting qpl sub-encoding to TS1/0 on input line 390.
Package textcomp Info: Setting qtm sub-encoding to TS1/0 on input line 391.
Package textcomp Info: Setting qzc sub-encoding to TS1/0 on input line 392.
Package textcomp Info: Setting qhvc sub-encoding to TS1/0 on input line 393.
Package textcomp Info: Setting futs sub-encoding to TS1/4 on input line 394.
Package textcomp Info: Setting futx sub-encoding to TS1/4 on input line 395.
Package textcomp Info: Setting futj sub-encoding to TS1/4 on input line 396.
Package textcomp Info: Setting hlh sub-encoding to TS1/3 on input line 397.
Package textcomp Info: Setting hls sub-encoding to TS1/3 on input line 398.
Package textcomp Info: Setting hlst sub-encoding to TS1/3 on input line 399.
Package textcomp Info: Setting hlct sub-encoding to TS1/5 on input line 400.
Package textcomp Info: Setting hlx sub-encoding to TS1/5 on input line 401.
Package textcomp Info: Setting hlce sub-encoding to TS1/5 on input line 402.
Package textcomp Info: Setting hlcn sub-encoding to TS1/5 on input line 403.
Package textcomp Info: Setting hlcw sub-encoding to TS1/5 on input line 404.
Package textcomp Info: Setting hlcf sub-encoding to TS1/5 on input line 405.
Package textcomp Info: Setting pplx sub-encoding to TS1/3 on input line 406.
Package textcomp Info: Setting pplj sub-encoding to TS1/3 on input line 407.
Package textcomp Info: Setting ptmx sub-encoding to TS1/4 on input line 408.
Package textcomp Info: Setting ptmj sub-encoding to TS1/4 on input line 409.
))
("C:\Program Files\MiKTeX 2.9\tex\latex\lineno\lineno.sty"
Package: lineno 2005/11/02 line numbers on paragraphs v4.41
\linenopenalty=\count95
\output=\toks18
\linenoprevgraf=\count96
\linenumbersep=\dimen111
\linenumberwidth=\dimen112
\c@linenumber=\count97
\c@pagewiselinenumber=\count98
\c@LN@truepage=\count99
\c@internallinenumber=\count100
\c@internallinenumbers=\count101
\quotelinenumbersep=\dimen113
\bframerule=\dimen114
\bframesep=\dimen115
\bframebox=\box27
LaTeX Info: Redefining \\ on input line 3056.
)
\c@FV@TrueTabGroupLevel=\count102
\c@FV@TrueTabCounter=\count103
\FV@TabBox@Group=\box28
\FV@TmpLength=\skip43
\c@FV@HighlightLinesStart=\count104
\c@FV@HighlightLinesStop=\count105
\FV@LoopCount=\count106
\FV@NCharsBox=\box29
\FV@BreakIndent=\dimen116
\FV@BreakIndentNChars=\count107
\FV@BreakSymbolSepLeft=\dimen117
\FV@BreakSymbolSepLeftNChars=\count108
\FV@BreakSymbolSepRight=\dimen118
\FV@BreakSymbolSepRightNChars=\count109
\FV@BreakSymbolIndentLeft=\dimen119
\FV@BreakSymbolIndentLeftNChars=\count110
\FV@BreakSymbolIndentRight=\dimen120
\FV@BreakSymbolIndentRightNChars=\count111
\c@FancyVerbLineBreakLast=\count112
\FV@LineBox=\box30
\FV@LineIndentBox=\box31
)
("C:\Program Files\MiKTeX 2.9\tex\latex\tools\calc.sty"
Package: calc 2014/10/28 v4.3 Infix arithmetic (KKT,FJ)
\calc@Acount=\count113
\calc@Bcount=\count114
\calc@Adimen=\dimen121
\calc@Bdimen=\dimen122
\calc@Askip=\skip44
\calc@Bskip=\skip45
LaTeX Info: Redefining \setlength on input line 80.
LaTeX Info: Redefining \addtolength on input line 81.
\calc@Ccount=\count115
\calc@Cskip=\skip46
)
("C:\Program Files\MiKTeX 2.9\tex\latex\tools\shellesc.sty"
Package: shellesc 2016/06/07 v0.02a unified shell escape interface for LaTeX
Package shellesc Info: Unrestricted shell escape enabled on input line 67.
)
("C:\Program Files\MiKTeX 2.9\tex\latex\ifplatform\ifplatform.sty"
Package: ifplatform 2010/10/22 v0.4 Testing for the operating system

("C:\Program Files\MiKTeX 2.9\tex\generic\oberdiek\pdftexcmds.sty"
Package: pdftexcmds 2017/03/19 v0.25 Utility functions of pdfTeX for LuaTeX (HO
)
Package pdftexcmds Info: LuaTeX not detected.
Package pdftexcmds Info: \pdf@primitive is available.
Package pdftexcmds Info: \pdf@ifprimitive is available.
Package pdftexcmds Info: \pdfdraftmode found.
)
("C:\Program Files\MiKTeX 2.9\tex\generic\oberdiek\catchfile.sty"
Package: catchfile 2016/05/16 v1.7 Catch the contents of a file (HO)
))
("C:\Program Files\MiKTeX 2.9\tex\latex\xstring\xstring.sty"
("C:\Program Files\MiKTeX 2.9\tex\generic\xstring\xstring.tex"
\@xs@message=\write4
\integerpart=\count116
\decimalpart=\count117
)
Package: xstring 2013/10/13  v1.7c  String manipulations (C Tellechea)
)
("C:\Program Files\MiKTeX 2.9\tex\latex\framed\framed.sty"
Package: framed 2011/10/22 v 0.96: framed or shaded text with page breaks
\OuterFrameSep=\skip47
\fb@frw=\dimen123
\fb@frh=\dimen124
\FrameRule=\dimen125
\FrameSep=\dimen126
)
("C:\Program Files\MiKTeX 2.9\tex\latex\float\float.sty"
Package: float 2001/11/08 v1.3d Float enhancements (AL)
\c@float@type=\count118
\float@exts=\toks19
\float@box=\box32
\@float@everytoks=\toks20
\@floatcapt=\box33
)
\minted@appexistsfile=\read2
\minted@bgbox=\box34
\minted@code=\write5
\c@minted@FancyVerbLineTemp=\count119
\c@minted@pygmentizecounter=\count120
\@float@every@listing=\toks21
\c@listing=\count121
)
runsystem(if not exist _minted-RHCSA mkdir _minted-RHCSA)...executed.


("C:\Program Files\MiKTeX 2.9\tex\latex\booktabs\booktabs.sty"
Package: booktabs 2005/04/14 v1.61803 publication quality tables
\heavyrulewidth=\dimen127
\lightrulewidth=\dimen128
\cmidrulewidth=\dimen129
\belowrulesep=\dimen130
\belowbottomsep=\dimen131
\aboverulesep=\dimen132
\abovetopsep=\dimen133
\cmidrulesep=\dimen134
\cmidrulekern=\dimen135
\defaultaddspace=\dimen136
\@cmidla=\count122
\@cmidlb=\count123
\@aboverulesep=\dimen137
\@belowrulesep=\dimen138
\@thisruleclass=\count124
\@lastruleclass=\count125
\@thisrulewidth=\dimen139
)
("C:\Program Files\MiKTeX 2.9\tex\latex\tools\array.sty"
Package: array 2016/10/06 v2.4d Tabular extension package (FMi)
\col@sep=\dimen140
\extrarowheight=\dimen141
\NC@list=\toks22
\extratabsurround=\skip48
\backup@length=\skip49
)
("C:\Program Files\MiKTeX 2.9\tex\latex\multirow\multirow.sty"
Package: multirow 2016/11/25 v2.2 Span multiple rows of a table
\multirow@colwidth=\skip50
\multirow@cntb=\count126
\multirow@dima=\skip51
\bigstrutjot=\dimen142
)
("C:\Program Files\MiKTeX 2.9\tex\latex\graphics\graphicx.sty"
Package: graphicx 2014/10/28 v1.0g Enhanced LaTeX Graphics (DPC,SPQR)

("C:\Program Files\MiKTeX 2.9\tex\latex\graphics\graphics.sty"
Package: graphics 2017/04/14 v1.1b Standard LaTeX Graphics (DPC,SPQR)

("C:\Program Files\MiKTeX 2.9\tex\latex\graphics\trig.sty"
Package: trig 2016/01/03 v1.10 sin cos tan (DPC)
)
("C:\Program Files\MiKTeX 2.9\tex\latex\graphics-cfg\graphics.cfg"
File: graphics.cfg 2016/06/04 v1.11 sample graphics configuration
)
Package graphics Info: Driver file: pdftex.def on input line 99.

("C:\Program Files\MiKTeX 2.9\tex\latex\graphics-def\pdftex.def"
File: pdftex.def 2017/01/12 v0.06k Graphics/color for pdfTeX
\Gread@gobject=\count127
))
\Gin@req@height=\dimen143
\Gin@req@width=\dimen144
)
("C:\Program Files\MiKTeX 2.9\tex\latex\oberdiek\grffile.sty"
Package: grffile 2016/05/16 v1.17 Extended file name support for graphics (HO)
Package grffile Info: Option `multidot' is set to `true'.
Package grffile Info: Option `extendedchars' is set to `false'.
Package grffile Info: Option `space' is set to `true'.
Package grffile Info: \Gin@ii of package `graphicx' fixed on input line 486.
))
("C:\Program Files\MiKTeX 2.9\tex\latex\xcolor\xcolor.sty"
Package: xcolor 2016/05/11 v2.12 LaTeX color extensions (UK)

("C:\Program Files\MiKTeX 2.9\tex\latex\graphics-cfg\color.cfg"
File: color.cfg 2016/01/02 v1.6 sample color configuration
)
Package xcolor Info: Driver file: pdftex.def on input line 225.
Package xcolor Info: Model `cmy' substituted by `cmy0' on input line 1348.
Package xcolor Info: Model `hsb' substituted by `rgb' on input line 1352.
Package xcolor Info: Model `RGB' extended on input line 1364.
Package xcolor Info: Model `HTML' substituted by `rgb' on input line 1366.
Package xcolor Info: Model `Hsb' substituted by `hsb' on input line 1367.
Package xcolor Info: Model `tHsb' substituted by `hsb' on input line 1368.
Package xcolor Info: Model `HSB' substituted by `hsb' on input line 1369.
Package xcolor Info: Model `Gray' substituted by `gray' on input line 1370.
Package xcolor Info: Model `wave' substituted by `hsb' on input line 1371.
)
runsystem(for ^%i in (pygmentize.exe pygmentize.bat pygmentize.cmd) do set > RH
CSA.aex <nul: /p x=^%~$PATH:i>> RHCSA.aex)...executed.

runsystem(del RHCSA.aex)...executed.

 (RHCSA.aux

LaTeX Warning: Label `fig:1' multiply defined.


LaTeX Warning: Label `fig:1' multiply defined.


LaTeX Warning: Label `fig:1' multiply defined.


LaTeX Warning: Label `fig:1' multiply defined.


LaTeX Warning: Label `fig:1' multiply defined.

)
\openout1 = `RHCSA.aux'.

LaTeX Font Info:    Checking defaults for OML/cmm/m/it on input line 3.
LaTeX Font Info:    ... okay on input line 3.
LaTeX Font Info:    Checking defaults for T1/cmr/m/n on input line 3.
LaTeX Font Info:    ... okay on input line 3.
LaTeX Font Info:    Checking defaults for OT1/cmr/m/n on input line 3.
LaTeX Font Info:    ... okay on input line 3.
LaTeX Font Info:    Checking defaults for OMS/cmsy/m/n on input line 3.
LaTeX Font Info:    ... okay on input line 3.
LaTeX Font Info:    Checking defaults for OMX/cmex/m/n on input line 3.
LaTeX Font Info:    ... okay on input line 3.
LaTeX Font Info:    Checking defaults for U/cmr/m/n on input line 3.
LaTeX Font Info:    ... okay on input line 3.
LaTeX Font Info:    Checking defaults for TS1/cmr/m/n on input line 3.
LaTeX Font Info:    Try loading font information for TS1+cmr on input line 3.
 ("C:\Program Files\MiKTeX 2.9\tex\latex\base\ts1cmr.fd"
File: ts1cmr.fd 2014/09/29 v2.5h Standard LaTeX font definitions
)
LaTeX Font Info:    ... okay on input line 3.
LaTeX Font Info:    Try loading font information for T1+phv on input line 3.

("C:\Program Files\MiKTeX 2.9\tex\latex\psnfss\t1phv.fd"
File: t1phv.fd 2001/06/04 scalable font definitions for T1/phv.
)
LaTeX Font Info:    Font shape `T1/phv/m/n' will be
(Font)              scaled to size 9.49997pt on input line 3.

*geometry* driver: auto-detecting
*geometry* detected driver: pdftex
*geometry* verbose mode - [ preamble ] result:
* driver: pdftex
* paper: a4paper
* layout: <same size as paper>
* layoutoffset:(h,v)=(0.0pt,0.0pt)
* modes: 
* h-part:(L,W,R)=(108.405pt, 380.69788pt, 108.405pt)
* v-part:(T,H,B)=(72.26999pt, 700.50687pt, 72.26999pt)
* \paperwidth=597.50787pt
* \paperheight=845.04684pt
* \textwidth=380.69788pt
* \textheight=700.50687pt
* \oddsidemargin=36.13501pt
* \evensidemargin=36.13501pt
* \topmargin=-37.0pt
* \headheight=12.0pt
* \headsep=25.0pt
* \topskip=10.0pt
* \footskip=30.0pt
* \marginparwidth=65.0pt
* \marginparsep=11.0pt
* \columnsep=10.0pt
* \skip\footins=9.0pt plus 4.0pt minus 2.0pt
* \hoffset=0.0pt
* \voffset=0.0pt
* \mag=1000
* \@twocolumnfalse
* \@twosidefalse
* \@mparswitchfalse
* \@reversemarginfalse
* (1in=72.27pt=25.4mm, 1cm=28.453pt)

("C:\Program Files\MiKTeX 2.9\tex\context\base\supp-pdf.mkii"
[Loading MPS to PDF converter (version 2006.09.02).]
\scratchcounter=\count128
\scratchdimen=\dimen145
\scratchbox=\box35
\nofMPsegments=\count129
\nofMParguments=\count130
\everyMPshowfont=\toks23
\MPscratchCnt=\count131
\MPscratchDim=\dimen146
\MPnumerator=\count132
\makeMPintoPDFobject=\count133
\everyMPtoPDFconversion=\toks24
) ("C:\Program Files\MiKTeX 2.9\tex\latex\oberdiek\epstopdf-base.sty"
Package: epstopdf-base 2016/05/15 v2.6 Base part for package epstopdf

("C:\Program Files\MiKTeX 2.9\tex\latex\oberdiek\grfext.sty"
Package: grfext 2016/05/16 v1.2 Manage graphics extensions (HO)

("C:\Program Files\MiKTeX 2.9\tex\generic\oberdiek\kvdefinekeys.sty"
Package: kvdefinekeys 2016/05/16 v1.4 Define keys (HO)
))
Package epstopdf-base Info: Redefining graphics rule for `.eps' on input line 4
38.
Package grfext Info: Graphics extension search list:
(grfext)             [.png,.pdf,.jpg,.mps,.jpeg,.jbig2,.jb2,.PNG,.PDF,.JPG,.JPE
G,.JBIG2,.JB2,.eps]
(grfext)             \AppendGraphicsExtensions on input line 456.
)
LaTeX Font Info:    Font shape `T1/phv/m/n' will be
(Font)              scaled to size 16.41594pt on input line 4.
LaTeX Font Info:    Font shape `T1/phv/m/n' will be
(Font)              scaled to size 11.39996pt on input line 4.
LaTeX Font Info:    External font `cmex10' loaded for size
(Font)              <12> on input line 4.
LaTeX Font Info:    External font `cmex10' loaded for size
(Font)              <8> on input line 4.
LaTeX Font Info:    External font `cmex10' loaded for size
(Font)              <6> on input line 4.

[1

{C:/ProgramData/MiKTeX/2.9/pdftex/config/pdftex.map}]
LaTeX Font Info:    Font shape `T1/phv/m/n' will be
(Font)              scaled to size 23.63593pt on input line 6.
LaTeX Font Info:    Font shape `T1/phv/bx/n' in size <24.88> not available
(Font)              Font shape `T1/phv/b/n' tried instead on input line 6.
LaTeX Font Info:    Font shape `T1/phv/b/n' will be
(Font)              scaled to size 23.63593pt on input line 6.
 (RHCSA.toc
LaTeX Font Info:    Font shape `T1/phv/bx/n' in size <12> not available
(Font)              Font shape `T1/phv/b/n' tried instead on input line 1.
LaTeX Font Info:    Font shape `T1/phv/b/n' will be
(Font)              scaled to size 11.39996pt on input line 1.
LaTeX Font Info:    Font shape `T1/phv/bx/n' in size <10> not available
(Font)              Font shape `T1/phv/b/n' tried instead on input line 2.
LaTeX Font Info:    Font shape `T1/phv/b/n' will be
(Font)              scaled to size 9.49997pt on input line 2.
LaTeX Font Info:    External font `cmex10' loaded for size
(Font)              <7> on input line 3.
LaTeX Font Info:    External font `cmex10' loaded for size
(Font)              <5> on input line 3.
 [1

] [2]
[3] [4] [5] [6]
Overfull \hbox (1.12079pt too wide) detected at line 230
 []\T1/phv/m/n/10 100
 []


Overfull \hbox (1.12079pt too wide) detected at line 231
 []\T1/phv/m/n/10 101
 []


Overfull \hbox (1.12079pt too wide) detected at line 233
 []\T1/phv/m/n/10 102
 []


Overfull \hbox (1.12079pt too wide) detected at line 234
 []\T1/phv/m/n/10 103
 []


Overfull \hbox (1.12079pt too wide) detected at line 235
 []\T1/phv/m/n/10 103
 []


Overfull \hbox (1.12079pt too wide) detected at line 237
 []\T1/phv/m/n/10 105
 []


Overfull \hbox (1.12079pt too wide) detected at line 238
 []\T1/phv/m/n/10 106
 []


Overfull \hbox (1.12079pt too wide) detected at line 239
 []\T1/phv/m/n/10 106
 []


Overfull \hbox (1.12079pt too wide) detected at line 240
 []\T1/phv/m/n/10 107
 []


Overfull \hbox (1.12079pt too wide) detected at line 241
 []\T1/phv/m/n/10 107
 []


Overfull \hbox (1.12079pt too wide) detected at line 242
 []\T1/phv/m/n/10 108
 []


Overfull \hbox (1.12079pt too wide) detected at line 243
 []\T1/phv/m/n/10 109
 []


Overfull \hbox (1.12079pt too wide) detected at line 244
 []\T1/phv/m/n/10 110
 []

)
\tf@toc=\write6
\openout6 = `RHCSA.toc'.

 ("Mod1/1. Installing RHEL Server.tex" [7]
LaTeX Font Info:    Font shape `T1/phv/m/n' will be
(Font)              scaled to size 19.70294pt on input line 1.
LaTeX Font Info:    Font shape `T1/phv/bx/n' in size <20.74> not available
(Font)              Font shape `T1/phv/b/n' tried instead on input line 1.
LaTeX Font Info:    Font shape `T1/phv/b/n' will be
(Font)              scaled to size 19.70294pt on input line 1.
 [8

]
("Mod1/chapters/1.2 Using Essential Tools.tex"
Chapter 1.
LaTeX Font Info:    Font shape `T1/phv/m/n' will be
(Font)              scaled to size 13.67995pt on input line 2.
LaTeX Font Info:    Font shape `T1/phv/bx/n' in size <14.4> not available
(Font)              Font shape `T1/phv/b/n' tried instead on input line 2.
LaTeX Font Info:    Font shape `T1/phv/b/n' will be
(Font)              scaled to size 13.67995pt on input line 2.
LaTeX Font Info:    Font shape `T1/phv/m/it' in size <10> not available
(Font)              Font shape `T1/phv/m/sl' tried instead on input line 4.
LaTeX Font Info:    Font shape `T1/phv/m/sl' will be
(Font)              scaled to size 9.49997pt on input line 4.
\openout3 = `RHCSA.pyg'.

(_minted-RHCSA/default-pyg-prefix.pygstyle) (_minted-RHCSA/default.pygstyle)
(_minted-RHCSA/3FADC0CF3FD57D89C2B66360AECC679E168FD577FE9E8702C59C4F9251A21699
.pygtex
LaTeX Font Info:    Font shape `T1/phv/m/n' will be
(Font)              scaled to size 7.59998pt on input line 1.
LaTeX Font Info:    Try loading font information for T1+cmtt on input line 1.
 ("C:\Program Files\MiKTeX 2.9\tex\latex\base\t1cmtt.fd"
File: t1cmtt.fd 2014/09/29 v2.5h Standard LaTeX font definitions
)
LaTeX Font Info:    Font shape `T1/cmtt/bx/n' in size <8> not available
(Font)              Font shape `T1/cmtt/m/n' tried instead on input line 2.
)
\openout3 = `RHCSA.pyg'.


(_minted-RHCSA/0DE3FFBD7288F7261B63480C494DCE35168FD577FE9E8702C59C4F9251A21699
.pygtex)
\openout3 = `RHCSA.pyg'.


(_minted-RHCSA/553B05DB22C948B6ECE79A7FCFF7AEDB168FD577FE9E8702C59C4F9251A21699
.pygtex)
Underfull \hbox (badness 10000) in paragraph at lines 44--44
[]|\T1/phv/m/n/10 Section
 []


Underfull \hbox (badness 10000) in paragraph at lines 46--46
[]|\T1/phv/m/n/10 Commands (Pro-
 []


Underfull \hbox (badness 10000) in paragraph at lines 52--52
[]|\T1/phv/m/n/10 Overview, con-ven-
 []


Underfull \hbox (badness 6157) in paragraph at lines 52--52
\T1/phv/m/n/10 tions, and mis-cel-la-
 []


Underfull \hbox (badness 4048) in paragraph at lines 53--53
[]|\T1/phv/m/n/10 System man-age-ment
 []


Overfull \hbox (16.96973pt too wide) in paragraph at lines 41--56
[] 
 []

[9

]
\openout3 = `RHCSA.pyg'.


(_minted-RHCSA/CA6DD385A6D4D4681AE0FFE14F525A96168FD577FE9E8702C59C4F9251A21699
.pygtex)
Overfull \hbox (5.26126pt too wide) in paragraph at lines 87--95
[] 
 []

[10]
Overfull \hbox (17.18716pt too wide) in paragraph at lines 100--106
[] 
 []


Overfull \hbox (6.7261pt too wide) in paragraph at lines 110--117
[] 
 []

\openout3 = `RHCSA.pyg'.


(_minted-RHCSA/C707D7971539EA5CB53AD70F17FFBBC0168FD577FE9E8702C59C4F9251A21699
.pygtex)
\openout3 = `RHCSA.pyg'.


(_minted-RHCSA/CCFB14641B7E51BE05A55D5BC0296825168FD577FE9E8702C59C4F9251A21699
.pygtex
LaTeX Font Info:    Try loading font information for TS1+cmtt on input line 2.
 ("C:\Program Files\MiKTeX 2.9\tex\latex\base\ts1cmtt.fd"
File: ts1cmtt.fd 2014/09/29 v2.5h Standard LaTeX font definitions
) [11])
\openout3 = `RHCSA.pyg'.


(_minted-RHCSA/C07E109D3A5991710687E34419B83CFF168FD577FE9E8702C59C4F9251A21699
.pygtex)
\openout3 = `RHCSA.pyg'.


(_minted-RHCSA/2318D4496DBF098F8E8A11F8BB2E9F0D168FD577FE9E8702C59C4F9251A21699
.pygtex)
\openout3 = `RHCSA.pyg'.


(_minted-RHCSA/A15FCD4F734F0402E512FEB2B791721D168FD577FE9E8702C59C4F9251A21699
.pygtex)) ("Mod1/chapters/1.3 Essential File Management Tools.tex" [12]
Chapter 2.
\openout3 = `RHCSA.pyg'.


(_minted-RHCSA/1887904EE33C3CB2032922116B8006BB168FD577FE9E8702C59C4F9251A21699
.pygtex)
\openout3 = `RHCSA.pyg'.


(_minted-RHCSA/8FBE2AC48ABD9AD5919DD29F2F4E9500168FD577FE9E8702C59C4F9251A21699
.pygtex)
\openout3 = `RHCSA.pyg'.


(_minted-RHCSA/D69AEBD1A76BDC1987263FC3FAE44452168FD577FE9E8702C59C4F9251A21699
.pygtex
LaTeX Font Info:    Font shape `T1/phv/m/n' will be
(Font)              scaled to size 4.74998pt on input line 3.
 [13

])
\openout3 = `RHCSA.pyg'.


(_minted-RHCSA/0528E51DE3079083E524FDA8675C7125168FD577FE9E8702C59C4F9251A21699
.pygtex)
\openout3 = `RHCSA.pyg'.


(_minted-RHCSA/C78145AC5460BA7B5D42425E9632B548168FD577FE9E8702C59C4F9251A21699
.pygtex [14])
Overfull \hbox (56.43706pt too wide) in paragraph at lines 106--115
[][] 
 []

\openout3 = `RHCSA.pyg'.


(_minted-RHCSA/D0A69B1EBF151413C14973F8EAEFA553168FD577FE9E8702C59C4F9251A21699
.pygtex)
\openout3 = `RHCSA.pyg'.


(_minted-RHCSA/0291B2C3345450544FDD618C7766439C168FD577FE9E8702C59C4F9251A21699
.pygtex)
\openout3 = `RHCSA.pyg'.


(_minted-RHCSA/F08C6A3243CF3F7DE65E6A01FB209398168FD577FE9E8702C59C4F9251A21699
.pygtex [15])
\openout3 = `RHCSA.pyg'.


(_minted-RHCSA/942049F05390567558CF6CA822FFD5C8168FD577FE9E8702C59C4F9251A21699
.pygtex)
\openout3 = `RHCSA.pyg'.


(_minted-RHCSA/599B819A10B72069719D0D8ABE683827168FD577FE9E8702C59C4F9251A21699
.pygtex)
\openout3 = `RHCSA.pyg'.


(_minted-RHCSA/689D844CB0BAC1417AB6D27F42FAA721168FD577FE9E8702C59C4F9251A21699
.pygtex)) ("Mod1/chapters/1.4 Working with Text Files.tex" [16]
Chapter 3.
<"Mod1/chapters/1.4.a RegEx Cheat Sheet".jpg, id=68, 1028.34187pt x 578.16pt>
File: "Mod1/chapters/1.4.a RegEx Cheat Sheet".jpg Graphic file (type jpg)

<use "Mod1/chapters/1.4.a RegEx Cheat Sheet".jpg>
Package pdftex.def Info: "Mod1/chapters/1.4.a RegEx Cheat Sheet".jpg used on in
put line 5.
(pdftex.def)             Requested size: 342.62576pt x 192.63718pt.
\openout3 = `RHCSA.pyg'.


(_minted-RHCSA/DD281B35C97689622CEBB95CB79839FD168FD577FE9E8702C59C4F9251A21699
.pygtex [17

 <./Mod1/chapters/1.4.a RegEx Cheat Sheet.jpg>])
\openout3 = `RHCSA.pyg'.


(_minted-RHCSA/DEF0941FF2B2593FA48B677D0CE1BFB5168FD577FE9E8702C59C4F9251A21699
.pygtex)
\openout3 = `RHCSA.pyg'.


(_minted-RHCSA/709D668F3615EF10E185C683E2F5BE37168FD577FE9E8702C59C4F9251A21699
.pygtex)
\openout3 = `RHCSA.pyg'.


(_minted-RHCSA/7DDE0ECA33A94C85F761CDB81BCAD2C1168FD577FE9E8702C59C4F9251A21699
.pygtex)
\openout3 = `RHCSA.pyg'.


(_minted-RHCSA/18922008674A75DF01FF2F048E2D9813168FD577FE9E8702C59C4F9251A21699
.pygtex)
\openout3 = `RHCSA.pyg'.


(_minted-RHCSA/A7874D942814CBCE3E88F7990035088E168FD577FE9E8702C59C4F9251A21699
.pygtex [18])
Overfull \hbox (6.029pt too wide) in paragraph at lines 64--68
[][] 
 []

\openout3 = `RHCSA.pyg'.


(_minted-RHCSA/33215F2985F2054B068CCB04D106B595168FD577FE9E8702C59C4F9251A21699
.pygtex)
\openout3 = `RHCSA.pyg'.


(_minted-RHCSA/3B11BC47CAF5A3C99C6E21B4C49D99BA168FD577FE9E8702C59C4F9251A21699
.pygtex)
Overfull \hbox (62.06465pt too wide) in paragraph at lines 92--94
\T1/phv/m/n/10 Another use for [][]\T1/cmtt/m/n/10 grep []\T1/phv/m/n/10 is sea
rch-ing files. The syn-tax is [][]\T1/cmtt/m/n/10 grep <filename-pattern> <sear
ch-directory>[]\T1/phv/m/n/10 . 
 []

\openout3 = `RHCSA.pyg'.


(_minted-RHCSA/DB3F499A660BCAE93ABB43D08EEAAB75168FD577FE9E8702C59C4F9251A21699
.pygtex
Overfull \hbox (167.41827pt too wide) in paragraph at lines 9--9
| | | |[]\T1/cmtt/m/n/8 shadow:lisa:$[][]6[][]$0[]l/zSJkh[]$xjJNYNnj1rPs7Fq0hDW
t8VucS0nLL82XrMYpmBnLF2DrzB2npFvCwxM9MJEHgCHCwvabCgEA17LK2aU0h9FIT[]/:17414:0:9
9999:7:::|  
 []

[19])
\openout3 = `RHCSA.pyg'.


(_minted-RHCSA/47FA377201318F9117E473270A76D4EB168FD577FE9E8702C59C4F9251A21699
.pygtex)
\openout3 = `RHCSA.pyg'.


(_minted-RHCSA/303BAF2954A4B75CCF7CAA81EA9D5317168FD577FE9E8702C59C4F9251A21699
.pygtex)
\openout3 = `RHCSA.pyg'.


(_minted-RHCSA/5D8C2F4C7C9AA0D296FCF584B18B261F168FD577FE9E8702C59C4F9251A21699
.pygtex [20])
\openout3 = `RHCSA.pyg'.


(_minted-RHCSA/A2F642242F21F01715F4816D9BD97417168FD577FE9E8702C59C4F9251A21699
.pygtex)
\openout3 = `RHCSA.pyg'.


(_minted-RHCSA/915AC3F2B70E71FA8FBC6B281BE2BC6C168FD577FE9E8702C59C4F9251A21699
.pygtex)
\openout3 = `RHCSA.pyg'.


(_minted-RHCSA/48CC6A88A48F660371A8EF5C4EC9CCEC168FD577FE9E8702C59C4F9251A21699
.pygtex [21])
\openout3 = `RHCSA.pyg'.


(_minted-RHCSA/C09293D48F7289208F131A0093E8D6EC168FD577FE9E8702C59C4F9251A21699
.pygtex)
\openout3 = `RHCSA.pyg'.


(_minted-RHCSA/6C2F4A55E4F169179A209DB121A74E41168FD577FE9E8702C59C4F9251A21699
.pygtex) [22]
\openout3 = `RHCSA.pyg'.


(_minted-RHCSA/EBDD9E1EC461A9C75243B06B0DC3550A168FD577FE9E8702C59C4F9251A21699
.pygtex)) ("Mod1/chapters/1.5 Connecting to a RHEL Server.tex" [23]
Chapter 4.
\openout3 = `RHCSA.pyg'.


(_minted-RHCSA/D3540A37E41E93AEFEE05DB2E17493F9168FD577FE9E8702C59C4F9251A21699
.pygtex)
\openout3 = `RHCSA.pyg'.


(_minted-RHCSA/AE3135A64E5EAC56697A6A10DA9B9BFD168FD577FE9E8702C59C4F9251A21699
.pygtex) [24

]
Overfull \hbox (38.63005pt too wide) in paragraph at lines 27--35
[][] 
 []

<"Mod1/chapters/1.5.a Server auth".jpg, id=95, 1028.34187pt x 578.16pt>
File: "Mod1/chapters/1.5.a Server auth".jpg Graphic file (type jpg)

<use "Mod1/chapters/1.5.a Server auth".jpg>
Package pdftex.def Info: "Mod1/chapters/1.5.a Server auth".jpg used on input li
ne 43.
(pdftex.def)             Requested size: 342.62576pt x 192.63718pt.

<"Mod1/chapters/1.5.b Client auth with no password".jpg, id=96, 1028.34187pt x 
578.16pt>
File: "Mod1/chapters/1.5.b Client auth with no password".jpg Graphic file (type
 jpg)
 <use "Mod1/chapters/1.5.b Client auth with no password".jpg>
Package pdftex.def Info: "Mod1/chapters/1.5.b Client auth with no password".jpg
 used on input line 53.
(pdftex.def)             Requested size: 342.62576pt x 192.63718pt.
 [25 <./Mod1/chapters/1.5.a Server auth.jpg>]
\openout3 = `RHCSA.pyg'.


(_minted-RHCSA/AD1F83511A00F8F82FE7BCA9C794B835168FD577FE9E8702C59C4F9251A21699
.pygtex)
\openout3 = `RHCSA.pyg'.


(_minted-RHCSA/4F9FB1004C50142F934DABBAE9E85DDC168FD577FE9E8702C59C4F9251A21699
.pygtex [26 <./Mod1/chapters/1.5.b Client auth with no password.jpg>])
\openout3 = `RHCSA.pyg'.


(_minted-RHCSA/1E2974F8712BF81D0E56F0446998644E168FD577FE9E8702C59C4F9251A21699
.pygtex)
\openout3 = `RHCSA.pyg'.


(_minted-RHCSA/05A76AA0D22DA7C2EE7F8C89DC8C5404168FD577FE9E8702C59C4F9251A21699
.pygtex)) ("Mod1/chapters/1.6 Managing Users and Groups.tex" [27]
Chapter 5.

Overfull \hbox (1.09393pt too wide) in paragraph at lines 10--11
\T1/phv/m/n/10 each with the fol-low-ing de-tails :- [][]\T1/cmtt/m/n/10 somu:x
:1000:1000:Somu:/home/somu:/bin/bash[]\T1/phv/m/n/10 . Here,
 []

\openout3 = `RHCSA.pyg'.


(_minted-RHCSA/FA931C2B7DA9E13832839410B8050DA2168FD577FE9E8702C59C4F9251A21699
.pygtex) [28

]
Overfull \hbox (7.79176pt too wide) in paragraph at lines 41--50
[][] 
 []

\openout3 = `RHCSA.pyg'.


(_minted-RHCSA/8A2FAF5C13E2D08EA111ABAE6818D14A168FD577FE9E8702C59C4F9251A21699
.pygtex [29])
\openout3 = `RHCSA.pyg'.


(_minted-RHCSA/FC8A9C4E534D10EDC05B5D71919652EB168FD577FE9E8702C59C4F9251A21699
.pygtex)
\openout3 = `RHCSA.pyg'.


(_minted-RHCSA/A6F1AA7C427CFA0A72DA651669059435168FD577FE9E8702C59C4F9251A21699
.pygtex) [30]
\openout3 = `RHCSA.pyg'.


(_minted-RHCSA/2B6FA078D7462FA2E59F0C0C949D13F8168FD577FE9E8702C59C4F9251A21699
.pygtex)
Overfull \hbox (11.65884pt too wide) in paragraph at lines 115--128
[] 
 []


Overfull \hbox (4.30598pt too wide) in paragraph at lines 133--147
[] 
 []

\openout3 = `RHCSA.pyg'.


(_minted-RHCSA/E09B0195AA5C672DF51B7DA0FC340537168FD577FE9E8702C59C4F9251A21699
.pygtex [31])
\openout3 = `RHCSA.pyg'.


(_minted-RHCSA/FF330399576D7ACF3D83E67D131FFE52168FD577FE9E8702C59C4F9251A21699
.pygtex)) ("Mod1/chapters/1.7 Connecting to a LDAP Server.tex" [32]
Chapter 6.
\openout3 = `RHCSA.pyg'.


(_minted-RHCSA/918257B94ECBC87F046B1D360705CBFF168FD577FE9E8702C59C4F9251A21699
.pygtex [33

])
Overfull \hbox (4.44765pt too wide) in paragraph at lines 34--35
\T1/phv/m/n/10 bunch of rules in the syn-tax : [][]\T1/cmtt/m/n/10 <service-typ
e> <control> <module-path> <arugments>[]\T1/phv/m/n/10 . 
 []


Overfull \hbox (2.61452pt too wide) in paragraph at lines 38--48
[] 
 []


Overfull \hbox (22.38416pt too wide) in paragraph at lines 51--64
[] 
 []

\openout3 = `RHCSA.pyg'.


(_minted-RHCSA/B85EF7D6D63604AD8CBC0ECC5F0B7CB41D0A1B86B4D2A4C28753BFB971395912
.pygtex)
\openout3 = `RHCSA.pyg'.


(_minted-RHCSA/CCBDFD86689EE3012A78CA4148785B811D0A1B86B4D2A4C28753BFB971395912
.pygtex [34])
<"Mod1/chapters/1.6.a LDAP Authentication".jpg, id=129, 1028.34187pt x 578.16pt
>
File: "Mod1/chapters/1.6.a LDAP Authentication".jpg Graphic file (type jpg)
 <use "Mod1/chapters/1.6.a LDAP Authentication".jpg>
Package pdftex.def Info: "Mod1/chapters/1.6.a LDAP Authentication".jpg used on 
input line 86.
(pdftex.def)             Requested size: 342.62576pt x 192.63718pt.
 [35 <./Mod1/chapters/1.6.a LDAP Authentication.jpg>]
\openout3 = `RHCSA.pyg'.


(_minted-RHCSA/BD485D8984497C24DFF668ED565EBBE1168FD577FE9E8702C59C4F9251A21699
.pygtex)
\openout3 = `RHCSA.pyg'.


(_minted-RHCSA/76629E0E4F1DA83ADD9747E67FA87EC31D0A1B86B4D2A4C28753BFB971395912
.pygtex) [36]
\openout3 = `RHCSA.pyg'.


(_minted-RHCSA/9E1DB11EEB501C56DDFA6A774D6A73841D0A1B86B4D2A4C28753BFB971395912
.pygtex)
<"Mod1/chapters/1.7.a NFS Automount".jpg, id=137, 1028.34187pt x 578.16pt>
File: "Mod1/chapters/1.7.a NFS Automount".jpg Graphic file (type jpg)

<use "Mod1/chapters/1.7.a NFS Automount".jpg>
Package pdftex.def Info: "Mod1/chapters/1.7.a NFS Automount".jpg used on input 
line 143.
(pdftex.def)             Requested size: 342.62576pt x 192.63718pt.
\openout3 = `RHCSA.pyg'.


(_minted-RHCSA/DD2FEBFAEB3CFFD1A32E0715A1A7F35A1D0A1B86B4D2A4C28753BFB971395912
.pygtex)
\openout3 = `RHCSA.pyg'.


(_minted-RHCSA/6478AC494D1E02B65D68A78B208BD7001D0A1B86B4D2A4C28753BFB971395912
.pygtex [37 <./Mod1/chapters/1.7.a NFS Automount.jpg>])
Overfull \hbox (2.99486pt too wide) in paragraph at lines 167--169
\T1/phv/m/n/10 So, if any-one goes to [][]\T1/cmtt/m/n/10 * []\T1/phv/m/n/10 (i
.e., any di-rec-tory in [][]\T1/cmtt/m/n/10 /data/guests[]\T1/phv/m/n/10 ), lik
e [][]\T1/cmtt/m/n/10 /home/guests/ldapuser1
 []

<"Mod1/chapters/1.7.b Samba Automount".jpg, id=141, 1028.34187pt x 578.16pt>
File: "Mod1/chapters/1.7.b Samba Automount".jpg Graphic file (type jpg)

<use "Mod1/chapters/1.7.b Samba Automount".jpg>
Package pdftex.def Info: "Mod1/chapters/1.7.b Samba Automount".jpg used on inpu
t line 174.
(pdftex.def)             Requested size: 342.62576pt x 192.63718pt.
\openout3 = `RHCSA.pyg'.


(_minted-RHCSA/DD2FEBFAEB3CFFD1A32E0715A1A7F35A1D0A1B86B4D2A4C28753BFB971395912
.pygtex)
\openout3 = `RHCSA.pyg'.


(_minted-RHCSA/296C64CDFDEA08BA6B9C942F5E366F631D0A1B86B4D2A4C28753BFB971395912
.pygtex [38 <./Mod1/chapters/1.7.b Samba Automount.jpg>])
\openout3 = `RHCSA.pyg'.


(_minted-RHCSA/3D676A73EED219B243F9ABAB03D6C1D81D0A1B86B4D2A4C28753BFB971395912
.pygtex)
\openout3 = `RHCSA.pyg'.


(_minted-RHCSA/B5E9B44687AE3B6AFF1E87FAEE1F4460168FD577FE9E8702C59C4F9251A21699
.pygtex)
\openout3 = `RHCSA.pyg'.


(_minted-RHCSA/EE56CD60385ABED5E3521C277D4FFBD01D0A1B86B4D2A4C28753BFB971395912
.pygtex [39])
\openout3 = `RHCSA.pyg'.


(_minted-RHCSA/223F375550A12EE11A5C005D15D0D2B8168FD577FE9E8702C59C4F9251A21699
.pygtex)
\openout3 = `RHCSA.pyg'.


(_minted-RHCSA/5E6993B953D306FE7E26F3318181E866168FD577FE9E8702C59C4F9251A21699
.pygtex)
\openout3 = `RHCSA.pyg'.


(_minted-RHCSA/6884887132721BF471D5519D6DF31B19168FD577FE9E8702C59C4F9251A21699
.pygtex)
\openout3 = `RHCSA.pyg'.


(_minted-RHCSA/56C0AB7CA3122749327118B3F328CC4F1D0A1B86B4D2A4C28753BFB971395912
.pygtex [40])
\openout3 = `RHCSA.pyg'.


(_minted-RHCSA/6113C5BBD64B671BB3EDB53182D2DE711D0A1B86B4D2A4C28753BFB971395912
.pygtex)
\openout3 = `RHCSA.pyg'.


(_minted-RHCSA/1ECB87C92A55CCAEA3A18E6491221526168FD577FE9E8702C59C4F9251A21699
.pygtex)
\openout3 = `RHCSA.pyg'.


(_minted-RHCSA/65C9BE71A25F2F6D29DB736287F617C6168FD577FE9E8702C59C4F9251A21699
.pygtex)
\openout3 = `RHCSA.pyg'.


(_minted-RHCSA/EF58212EFFD7AF2E376D6D5D8D1D43541D0A1B86B4D2A4C28753BFB971395912
.pygtex) [41]
Overfull \hbox (7.97385pt too wide) in paragraph at lines 357--373
[] 
 []

) ("Mod1/chapters/1.8 Managing Permissions.tex" [42]
Chapter 7.
\openout3 = `RHCSA.pyg'.


(_minted-RHCSA/FA0CC69B62032590D6F1D14EFC8E4FB9168FD577FE9E8702C59C4F9251A21699
.pygtex) [43

]
\openout3 = `RHCSA.pyg'.


(_minted-RHCSA/BB655F92FA457EF733F364D5382EB42B168FD577FE9E8702C59C4F9251A21699
.pygtex)
\openout3 = `RHCSA.pyg'.


(_minted-RHCSA/C90B99CC4DEF54F42814AEDF5E0FA172168FD577FE9E8702C59C4F9251A21699
.pygtex)
\openout3 = `RHCSA.pyg'.


(_minted-RHCSA/8D9E0F3866343B027C752A0B9B276059168FD577FE9E8702C59C4F9251A21699
.pygtex [44])
Overfull \hbox (11.34172pt too wide) in paragraph at lines 115--133
[] 
 []

[45]
\openout3 = `RHCSA.pyg'.


(_minted-RHCSA/ADF05885C1693F3C383057CB8D5E5266168FD577FE9E8702C59C4F9251A21699
.pygtex)
\openout3 = `RHCSA.pyg'.


(_minted-RHCSA/42379FA0AD0494DEF85324FD0F0918FF168FD577FE9E8702C59C4F9251A21699
.pygtex)
Overfull \hbox (8.82399pt too wide) in paragraph at lines 218--219
 []|\T1/phv/m/sl/10 Permission| 
 []


Underfull \hbox (badness 2717) in paragraph at lines 234--235
[]|\T1/phv/m/n/10 Inherit group own-er-ship to all
 []

[46]
\openout3 = `RHCSA.pyg'.


(_minted-RHCSA/EFF17F38E0D998E91D6EEE3CB85715C4168FD577FE9E8702C59C4F9251A21699
.pygtex)
\openout3 = `RHCSA.pyg'.


(_minted-RHCSA/3562CB112763B2B4E2D792B7A98B4A9F168FD577FE9E8702C59C4F9251A21699
.pygtex)
\openout3 = `RHCSA.pyg'.


(_minted-RHCSA/0D0ABB677A8704806FF52E5B783B034D168FD577FE9E8702C59C4F9251A21699
.pygtex [47])
\openout3 = `RHCSA.pyg'.


(_minted-RHCSA/CB09F70D508DF611AB58F7A660FFF477168FD577FE9E8702C59C4F9251A21699
.pygtex)
\openout3 = `RHCSA.pyg'.


(_minted-RHCSA/0A346F8F08C0DB80A53B66D7F721BAB9168FD577FE9E8702C59C4F9251A21699
.pygtex)
\openout3 = `RHCSA.pyg'.


(_minted-RHCSA/8C23358265585033301658A315DC76A3168FD577FE9E8702C59C4F9251A21699
.pygtex)
\openout3 = `RHCSA.pyg'.


(_minted-RHCSA/DBC80D7F1E8276F0C11F26A4AB660562168FD577FE9E8702C59C4F9251A21699
.pygtex [48])
\openout3 = `RHCSA.pyg'.


(_minted-RHCSA/C0F745C12AF23C7FF7BB7555B50EB522168FD577FE9E8702C59C4F9251A21699
.pygtex [49])
\openout3 = `RHCSA.pyg'.


(_minted-RHCSA/9EDF9410BBD17B0BEBA17986FB68F5A2168FD577FE9E8702C59C4F9251A21699
.pygtex) [50]
\openout3 = `RHCSA.pyg'.


(_minted-RHCSA/B1E1B4624A26910891C84D6F6076B9D9168FD577FE9E8702C59C4F9251A21699
.pygtex)
\openout3 = `RHCSA.pyg'.


(_minted-RHCSA/B8AF4D5B2A775C38A67B7BB35D094687168FD577FE9E8702C59C4F9251A21699
.pygtex)
\openout3 = `RHCSA.pyg'.


(_minted-RHCSA/35197FECF3C6C3A10DD385DC7F7077FE168FD577FE9E8702C59C4F9251A21699
.pygtex) [51]
\openout3 = `RHCSA.pyg'.


(_minted-RHCSA/73D4CAF8B03140CFF87EC468E0DBE006168FD577FE9E8702C59C4F9251A21699
.pygtex)
\openout3 = `RHCSA.pyg'.


(_minted-RHCSA/BD7099643B9FBF03B607C50B8ADF529D168FD577FE9E8702C59C4F9251A21699
.pygtex)
\openout3 = `RHCSA.pyg'.


(_minted-RHCSA/D3E7037110744925F807A77F73F299FE168FD577FE9E8702C59C4F9251A21699
.pygtex [52])
\openout3 = `RHCSA.pyg'.


(_minted-RHCSA/39AE1F1AB19A6C95D82C2B5BB4311520168FD577FE9E8702C59C4F9251A21699
.pygtex)) ("Mod1/chapters/1.9 Configuring Networking.tex" [53]
Chapter 8.

Underfull \hbox (badness 10000) in paragraph at lines 10--10
[]|\T1/phv/b/n/10 BIOS Nam-
 []


Overfull \hbox (104.62198pt too wide) in paragraph at lines 12--16
[][] 
 []


Underfull \hbox (badness 10000) in paragraph at lines 18--18
[]|\T1/phv/b/n/10 Udev Nam-
 []


Underfull \hbox (badness 10000) in paragraph at lines 20--20
[]|\T1/phv/b/n/10 Physical
 []


Underfull \hbox (badness 10000) in paragraph at lines 21--21
[]|\T1/phv/b/n/10 Logical
 []

[54

]
\openout3 = `RHCSA.pyg'.


(_minted-RHCSA/427B62FFB988029B7BF5A0DF17B5F15D168FD577FE9E8702C59C4F9251A21699
.pygtex)
\openout3 = `RHCSA.pyg'.


(_minted-RHCSA/88D2C9F9777445CB835974A751B02A95168FD577FE9E8702C59C4F9251A21699
.pygtex)
\openout3 = `RHCSA.pyg'.


(_minted-RHCSA/5091393A436FB007F15A5239929F03E6168FD577FE9E8702C59C4F9251A21699
.pygtex)
\openout3 = `RHCSA.pyg'.


(_minted-RHCSA/D07A025E34E919116556921BA0CC3D9A168FD577FE9E8702C59C4F9251A21699
.pygtex [55])
Overfull \hbox (1.80591pt too wide) in paragraph at lines 115--117
\T1/phv/m/n/10 This is one of the im-prove-ments of [][]\T1/cmtt/m/n/10 ip []\T
1/phv/m/n/10 over [][]\T1/cmtt/m/n/10 ifconfig []\T1/phv/m/n/10 which was in-ca
-pable of set-ting/showing
 []

\openout3 = `RHCSA.pyg'.


(_minted-RHCSA/387D9A4EBE614222B745EB014C80E60E168FD577FE9E8702C59C4F9251A21699
.pygtex)
\openout3 = `RHCSA.pyg'.


(_minted-RHCSA/3FE0717C54A58A0F7671F52B2A2F3256168FD577FE9E8702C59C4F9251A21699
.pygtex)
Overfull \hbox (1.74889pt too wide) in paragraph at lines 149--150
\T1/phv/m/n/10 The net-work con-fig-u-ra-tion is stored in [][]\T1/cmtt/m/n/10 
/etc/sysconfig/network-scripts []\T1/phv/m/n/10 di-rec-tory. There
 []

\openout3 = `RHCSA.pyg'.


(_minted-RHCSA/53E554660A1C4F12F6E6834B51A219421D0A1B86B4D2A4C28753BFB971395912
.pygtex [56])
\openout3 = `RHCSA.pyg'.


(_minted-RHCSA/6E14DA434B0A63A3D95FF6B5814CB31C168FD577FE9E8702C59C4F9251A21699
.pygtex) [57]
\openout3 = `RHCSA.pyg'.


(_minted-RHCSA/5721E2B673BCE451BBC893E90533D799168FD577FE9E8702C59C4F9251A21699
.pygtex)
\openout3 = `RHCSA.pyg'.


(_minted-RHCSA/07B9CC2283408B5DEF6D310F829EB045168FD577FE9E8702C59C4F9251A21699
.pygtex)
\openout3 = `RHCSA.pyg'.


(_minted-RHCSA/7FAC9FF52A6876203BDB75083F4356B1168FD577FE9E8702C59C4F9251A21699
.pygtex [58])
\openout3 = `RHCSA.pyg'.


(_minted-RHCSA/B2EFD30A005274AF24B542A8D87E3CBD168FD577FE9E8702C59C4F9251A21699
.pygtex)
<"Mod1/chapters/1.9.a Default Route".jpg, id=208, 368.1253pt x 489.32813pt>
File: "Mod1/chapters/1.9.a Default Route".jpg Graphic file (type jpg)

<use "Mod1/chapters/1.9.a Default Route".jpg>
Package pdftex.def Info: "Mod1/chapters/1.9.a Default Route".jpg used on input 
line 286.
(pdftex.def)             Requested size: 257.76459pt x 342.62576pt.
 [59]
\openout3 = `RHCSA.pyg'.


(_minted-RHCSA/00CABF539C54FFE9741EE1231E5DDF68168FD577FE9E8702C59C4F9251A21699
.pygtex [60 <./Mod1/chapters/1.9.a Default Route.jpg>])
Overfull \hbox (78.4512pt too wide) in paragraph at lines 326--342
[][] 
 []

\openout3 = `RHCSA.pyg'.


(_minted-RHCSA/62536F8DE0F3E9191BE993BA12282692168FD577FE9E8702C59C4F9251A21699
.pygtex) [61]
\openout3 = `RHCSA.pyg'.


(_minted-RHCSA/4EAC9466C84D8D4BBED2CA0B7ED24803168FD577FE9E8702C59C4F9251A21699
.pygtex)
\openout3 = `RHCSA.pyg'.


(_minted-RHCSA/C7C7D4D5CEBD223C56A20B7D9AE2BEB3168FD577FE9E8702C59C4F9251A21699
.pygtex)
\openout3 = `RHCSA.pyg'.


(_minted-RHCSA/ABABF1FBBB5C6C610033FCC99BD1EB11168FD577FE9E8702C59C4F9251A21699
.pygtex)
\openout3 = `RHCSA.pyg'.


(_minted-RHCSA/8BEC4553B93B14175D34594359197EF7168FD577FE9E8702C59C4F9251A21699
.pygtex [62])
\openout3 = `RHCSA.pyg'.


(_minted-RHCSA/E99FB3523AE85DA5145271350EC0F930168FD577FE9E8702C59C4F9251A21699
.pygtex [63])
Overfull \hbox (11.3154pt too wide) in paragraph at lines 469--471
\T1/phv/m/n/10 tain-ing [][]\T1/cmtt/m/n/10 www.somusysadmin.com. IN A []\T1/ph
v/m/n/10 in-di-cates that an ad-dress for [][]\T1/cmtt/m/n/10 www.somusysadmin.
com
 []

\openout3 = `RHCSA.pyg'.


(_minted-RHCSA/CC19BDA16D7623012279661FCD66AA4A168FD577FE9E8702C59C4F9251A21699
.pygtex)
\openout3 = `RHCSA.pyg'.


(_minted-RHCSA/514D6DB634ED246D80B8A86AB7CD6636168FD577FE9E8702C59C4F9251A21699
.pygtex)
\openout3 = `RHCSA.pyg'.


(_minted-RHCSA/755134C876C74611A15A9AA93C34C9CB168FD577FE9E8702C59C4F9251A21699
.pygtex [64]))) ("Mod2/2. Operating RHEL Servers.tex" [65] [66

]
("Mod2/chapters/2.10 Managing Processes.tex"
Chapter 9.
\openout3 = `RHCSA.pyg'.


(_minted-RHCSA/7C36917015E1DAE501F19D3ABE50CBA0168FD577FE9E8702C59C4F9251A21699
.pygtex)
\openout3 = `RHCSA.pyg'.


(_minted-RHCSA/0CC18FA917CC186D06E620A80A39F7A9168FD577FE9E8702C59C4F9251A21699
.pygtex)
\openout3 = `RHCSA.pyg'.


(_minted-RHCSA/531C56AD354263A2E97854A0A6CAACF5168FD577FE9E8702C59C4F9251A21699
.pygtex [67

])
\openout3 = `RHCSA.pyg'.


(_minted-RHCSA/6D0AD0E73325616180B5DAD2B48DD742168FD577FE9E8702C59C4F9251A21699
.pygtex)
\openout3 = `RHCSA.pyg'.


(_minted-RHCSA/ACF15F68001AACADA55D67657BEC2700168FD577FE9E8702C59C4F9251A21699
.pygtex [68])
LaTeX Font Info:    Try loading font information for TS1+phv on input line 112.

 ("C:\Program Files\MiKTeX 2.9\tex\latex\psnfss\ts1phv.fd"
File: ts1phv.fd 2001/06/04 scalable font definitions for TS1/phv.
)
LaTeX Font Info:    Font shape `TS1/phv/m/n' will be
(Font)              scaled to size 9.49997pt on input line 112.
\openout3 = `RHCSA.pyg'.


(_minted-RHCSA/AFCA13AAEBF405C55036787F21E3EE5D168FD577FE9E8702C59C4F9251A21699
.pygtex)
\openout3 = `RHCSA.pyg'.


(_minted-RHCSA/63F8926719347F21812C542197A9DA22168FD577FE9E8702C59C4F9251A21699
.pygtex [69])
\openout3 = `RHCSA.pyg'.


(_minted-RHCSA/CAFDAA9D486AA3690B1B8F47BDC3E663168FD577FE9E8702C59C4F9251A21699
.pygtex)
\openout3 = `RHCSA.pyg'.


(_minted-RHCSA/8A4967FE4BE848CB5D71440BF3DB34BC168FD577FE9E8702C59C4F9251A21699
.pygtex)
\openout3 = `RHCSA.pyg'.


(_minted-RHCSA/371824BCE3E575F8681CF10BB143A2F7168FD577FE9E8702C59C4F9251A21699
.pygtex [70]) <Mod2/chapters/2.10.a.jpg, id=247, 1028.34187pt x 578.16pt>
File: Mod2/chapters/2.10.a.jpg Graphic file (type jpg)

<use Mod2/chapters/2.10.a.jpg>
Package pdftex.def Info: Mod2/chapters/2.10.a.jpg used on input line 226.
(pdftex.def)             Requested size: 342.62576pt x 192.63718pt.
\openout3 = `RHCSA.pyg'.


(_minted-RHCSA/44F0091D4C6BE84428CD8F95318E866F168FD577FE9E8702C59C4F9251A21699
.pygtex)
\openout3 = `RHCSA.pyg'.


(_minted-RHCSA/99FFBABC7FA9D4185F091D73C8DE8E4A168FD577FE9E8702C59C4F9251A21699
.pygtex)
\openout3 = `RHCSA.pyg'.


(_minted-RHCSA/2D39685C9C104D4035D90AB732F767F2168FD577FE9E8702C59C4F9251A21699
.pygtex [71 <./Mod2/chapters/2.10.a.jpg>])
\openout3 = `RHCSA.pyg'.


(_minted-RHCSA/1D1B04ACF38B59F2746B155D9FC7DB30168FD577FE9E8702C59C4F9251A21699
.pygtex)
Overfull \hbox (33.95087pt too wide) in paragraph at lines 315--317
[][]\T1/cmtt/m/n/10 %Cpu(s): 26.5 us, 73.5 sy,  0.0 ni,  0.0 id,  0.0 wa,  0.0 
hi,  0.0 si,  0.0 st 
 []

[72]
\openout3 = `RHCSA.pyg'.


(_minted-RHCSA/B27494658EFF88A3037CE0D0221E2BEC168FD577FE9E8702C59C4F9251A21699
.pygtex)
\openout3 = `RHCSA.pyg'.


(_minted-RHCSA/6D96D0CDBB14BF8BA292FAF507DF48A8168FD577FE9E8702C59C4F9251A21699
.pygtex [73])
\openout3 = `RHCSA.pyg'.


(_minted-RHCSA/88294C2AD67164E4F855462E138D442E168FD577FE9E8702C59C4F9251A21699
.pygtex [74])) ("Mod2/chapters/2.11 Managing Software.tex" [75]
Chapter 10.
\openout3 = `RHCSA.pyg'.


(_minted-RHCSA/EB24C637A18F82F600AF27D6CC30366A168FD577FE9E8702C59C4F9251A21699
.pygtex)
Overfull \hbox (5.55986pt too wide) in paragraph at lines 22--23
\T1/phv/m/n/10 To con-vert an ex-ist-ing folder to a yum repos-i-tory, we need 
to first go to the [][]\T1/cmtt/m/n/10 /etc/yum.repos.d
 []

\openout3 = `RHCSA.pyg'.


(_minted-RHCSA/38E81DF34DE40935A788A388DC035E3B1D0A1B86B4D2A4C28753BFB971395912
.pygtex [76

])
\openout3 = `RHCSA.pyg'.


(_minted-RHCSA/6DAE5E80882D44FC3717567611DAE96B168FD577FE9E8702C59C4F9251A21699
.pygtex)
\openout3 = `RHCSA.pyg'.


(_minted-RHCSA/CAB91A30439C7ABFF495E79755A4676D168FD577FE9E8702C59C4F9251A21699
.pygtex)
\openout3 = `RHCSA.pyg'.


(_minted-RHCSA/9349CE792324227DDE6958C7226226E4168FD577FE9E8702C59C4F9251A21699
.pygtex [77])
\openout3 = `RHCSA.pyg'.


(_minted-RHCSA/8D15D8972EF0F89E8EB84F5545A7E81C168FD577FE9E8702C59C4F9251A21699
.pygtex) [78]
Overfull \hbox (19.70222pt too wide) in paragraph at lines 154--155
\T1/phv/m/n/10 use \T1/phv/m/sl/10 se-m-an-age\T1/phv/m/n/10 , an im-por-tant u
til-ity to set up SELinux, we have to use the [][]\T1/cmtt/m/n/10 yum search se
manage
 []

\openout3 = `RHCSA.pyg'.


(_minted-RHCSA/34EE21173445B1A57DED64FE8BA01693168FD577FE9E8702C59C4F9251A21699
.pygtex)
\openout3 = `RHCSA.pyg'.


(_minted-RHCSA/DBB8EEAEF490B6C53493CE0A69C79A42168FD577FE9E8702C59C4F9251A21699
.pygtex [79])
\openout3 = `RHCSA.pyg'.


(_minted-RHCSA/8F58665C412D1C4113A1FA375E67019E168FD577FE9E8702C59C4F9251A21699
.pygtex [80])
\openout3 = `RHCSA.pyg'.


(_minted-RHCSA/7DB5C2B7A9874970F4CB9A8E80CE506F168FD577FE9E8702C59C4F9251A21699
.pygtex)
\openout3 = `RHCSA.pyg'.


(_minted-RHCSA/A86B5F50034EFFD0D842D02978F39DA3168FD577FE9E8702C59C4F9251A21699
.pygtex)
\openout3 = `RHCSA.pyg'.


(_minted-RHCSA/A2CECF905883A44964C5E6112269A24A168FD577FE9E8702C59C4F9251A21699
.pygtex)
\openout3 = `RHCSA.pyg'.


(_minted-RHCSA/2F7AF64B82F5380ED806180688DB6066168FD577FE9E8702C59C4F9251A21699
.pygtex [81])
\openout3 = `RHCSA.pyg'.


(_minted-RHCSA/F58FECF4CCA97BB19BF4E740D53B8505168FD577FE9E8702C59C4F9251A21699
.pygtex)
\openout3 = `RHCSA.pyg'.


(_minted-RHCSA/D00C564EB6195722919199525C47D273168FD577FE9E8702C59C4F9251A21699
.pygtex)
\openout3 = `RHCSA.pyg'.


(_minted-RHCSA/7BB0EBCCA218B40D03144CD4A9C33CCC168FD577FE9E8702C59C4F9251A21699
.pygtex)
\openout3 = `RHCSA.pyg'.


(_minted-RHCSA/5B126AB1337FBE8F0A8112DCE938C264168FD577FE9E8702C59C4F9251A21699
.pygtex) [82]
\openout3 = `RHCSA.pyg'.


(_minted-RHCSA/07E4B29268AB16E859E6D95D1D53BE6C168FD577FE9E8702C59C4F9251A21699
.pygtex)
\openout3 = `RHCSA.pyg'.


(_minted-RHCSA/66F66AC974347EFA12D816EB414E8DC1168FD577FE9E8702C59C4F9251A21699
.pygtex [83])
\openout3 = `RHCSA.pyg'.


(_minted-RHCSA/73F58AFF0765C76C078F54F1284C2ED0168FD577FE9E8702C59C4F9251A21699
.pygtex)
\openout3 = `RHCSA.pyg'.


(_minted-RHCSA/46DA43D7CCA1D6E4DF147C61D03171B3168FD577FE9E8702C59C4F9251A21699
.pygtex [84])) ("Mod2/chapters/2.12 Working with Virtual Machines.tex" [85]
Chapter 11.
\openout3 = `RHCSA.pyg'.


(_minted-RHCSA/8DB6FCE08D3B7FB1E2ACEBADDBE03E48168FD577FE9E8702C59C4F9251A21699
.pygtex) <Mod2/chapters/2.12.a.png, id=296, 1371.1225pt x 770.88pt>
File: Mod2/chapters/2.12.a.png Graphic file (type png)

<use Mod2/chapters/2.12.a.png>
Package pdftex.def Info: Mod2/chapters/2.12.a.png used on input line 22.
(pdftex.def)             Requested size: 342.62576pt x 192.62543pt.
 [86

 <./Mod2/chapters/2.12.a.png>]
\openout3 = `RHCSA.pyg'.


(_minted-RHCSA/113AF09DB044299C33CF543FC3066039168FD577FE9E8702C59C4F9251A21699
.pygtex)
\openout3 = `RHCSA.pyg'.


(_minted-RHCSA/28E25546A0E5F10B7BAC21C792347E8F168FD577FE9E8702C59C4F9251A21699
.pygtex)
\openout3 = `RHCSA.pyg'.


(_minted-RHCSA/A51CA1608CE6D5FAF51F73F20B7C68BF168FD577FE9E8702C59C4F9251A21699
.pygtex [87])
\openout3 = `RHCSA.pyg'.


(_minted-RHCSA/147B1647E67AF72069078BC40FD2EAC4168FD577FE9E8702C59C4F9251A21699
.pygtex)
\openout3 = `RHCSA.pyg'.


(_minted-RHCSA/A0A1D045AB5939A55D10821AB1F993D3168FD577FE9E8702C59C4F9251A21699
.pygtex)
\openout3 = `RHCSA.pyg'.


(_minted-RHCSA/7C711E84D1749FB9EB0046E730FC1A96168FD577FE9E8702C59C4F9251A21699
.pygtex [88])) ("Mod2/chapters/2.13 Scheduling Tasks.tex" [89]
Chapter 12.
\openout3 = `RHCSA.pyg'.


(_minted-RHCSA/E63EC717719354C34A7F21AF2F49D8821D0A1B86B4D2A4C28753BFB971395912
.pygtex [90

])
\openout3 = `RHCSA.pyg'.


(_minted-RHCSA/C3ADF5BCA4ABFF754937721E80126AD1168FD577FE9E8702C59C4F9251A21699
.pygtex)
\openout3 = `RHCSA.pyg'.


(_minted-RHCSA/5DED0ACD61C38D06F1EE3DAF0D0459221D0A1B86B4D2A4C28753BFB971395912
.pygtex [91])
\openout3 = `RHCSA.pyg'.


(_minted-RHCSA/CC9A43014C73F894495123D873ECC136168FD577FE9E8702C59C4F9251A21699
.pygtex)
\openout3 = `RHCSA.pyg'.


(_minted-RHCSA/DA586C420208A21ECD4CD2FBBA564DBC1D0A1B86B4D2A4C28753BFB971395912
.pygtex)
\openout3 = `RHCSA.pyg'.


(_minted-RHCSA/A3BCB1DE664250AB2E7499CDB43F36EB1D0A1B86B4D2A4C28753BFB971395912
.pygtex [92])
\openout3 = `RHCSA.pyg'.


(_minted-RHCSA/EA465DCA9CA02C06E16AB891F894C554168FD577FE9E8702C59C4F9251A21699
.pygtex)
\openout3 = `RHCSA.pyg'.


(_minted-RHCSA/C6777AF9E8B742AEA90258E9C26CE4C6168FD577FE9E8702C59C4F9251A21699
.pygtex)
\openout3 = `RHCSA.pyg'.


(_minted-RHCSA/EE3AB711FFE35620D814EA7C04640DE0168FD577FE9E8702C59C4F9251A21699
.pygtex)
\openout3 = `RHCSA.pyg'.


(_minted-RHCSA/F624E73B84F2F4998AD036790C02B553168FD577FE9E8702C59C4F9251A21699
.pygtex [93])
\openout3 = `RHCSA.pyg'.


(_minted-RHCSA/C9BC8D06213CE80DB432B94C5D420F96168FD577FE9E8702C59C4F9251A21699
.pygtex)
Overfull \hbox (20.83916pt too wide) in paragraph at lines 248--249
[]\T1/phv/m/n/10 The out-put of the [][]\T1/cmtt/m/n/10 logger []\T1/phv/m/n/10
 com-mand can be checked by us-ing [][]\T1/cmtt/m/n/10 tail -f /var/log/message
s[]\T1/phv/m/n/10 . 
 []

\openout3 = `RHCSA.pyg'.


(_minted-RHCSA/4B1D3748C9E4C847462B1D8425B2CA2C168FD577FE9E8702C59C4F9251A21699
.pygtex [94])) ("Mod2/chapters/2.14 Configuring Logging.tex" [95]
Chapter 13.
<Mod2/chapters/2.14.a.jpg, id=331, 1028.34187pt x 578.16pt>
File: Mod2/chapters/2.14.a.jpg Graphic file (type jpg)

<use Mod2/chapters/2.14.a.jpg>
Package pdftex.def Info: Mod2/chapters/2.14.a.jpg used on input line 10.
(pdftex.def)             Requested size: 342.62576pt x 192.63718pt.
 [96

 <./Mod2/chapters/2.14.a.jpg>]
\openout3 = `RHCSA.pyg'.


(_minted-RHCSA/330CB76E26BB37EEB108404D7D7DB5441D0A1B86B4D2A4C28753BFB971395912
.pygtex)
\openout3 = `RHCSA.pyg'.


(_minted-RHCSA/CEB6DAA6D46CFC974544CE6F3C4403571D0A1B86B4D2A4C28753BFB971395912
.pygtex)
Overfull \hbox (1.55902pt too wide) in paragraph at lines 24--46
[] 
 []

\openout3 = `RHCSA.pyg'.


(_minted-RHCSA/D8F70424CF1422989E66ABE94D55943E1D0A1B86B4D2A4C28753BFB971395912
.pygtex) <Mod2/chapters/2.14.b.jpg, id=336, 1028.34187pt x 578.16pt>
File: Mod2/chapters/2.14.b.jpg Graphic file (type jpg)

<use Mod2/chapters/2.14.b.jpg>
Package pdftex.def Info: Mod2/chapters/2.14.b.jpg used on input line 61.
(pdftex.def)             Requested size: 342.62576pt x 192.63718pt.
 [97 <./Mod2/chapters/2.14.b.jpg>]
\openout3 = `RHCSA.pyg'.


(_minted-RHCSA/A96905E885CFA5EE9CBE5468F146D016168FD577FE9E8702C59C4F9251A21699
.pygtex)
\openout3 = `RHCSA.pyg'.


(_minted-RHCSA/1B62D5BE579577750BD0632EBCB383C6168FD577FE9E8702C59C4F9251A21699
.pygtex [98])
\openout3 = `RHCSA.pyg'.


(_minted-RHCSA/6073E3327E947E080BF1D4BD1CC5F17E168FD577FE9E8702C59C4F9251A21699
.pygtex)
\openout3 = `RHCSA.pyg'.


(_minted-RHCSA/CF48D7572BE58A79E0DF2700105E26A7168FD577FE9E8702C59C4F9251A21699
.pygtex) [99]
\openout3 = `RHCSA.pyg'.


(_minted-RHCSA/06B4ED3530FB6F6BB1FA0CCDF215C6C61D0A1B86B4D2A4C28753BFB971395912
.pygtex)
\openout3 = `RHCSA.pyg'.


(_minted-RHCSA/2644194EE16B449545D933D101AA5179168FD577FE9E8702C59C4F9251A21699
.pygtex [100])) ("Mod2/chapters/2.15 Managing Partitions.tex" [101]
Chapter 14.
<Mod2/chapters/2.15.a.jpg, id=352, 496.10344pt x 408.77719pt>
File: Mod2/chapters/2.15.a.jpg Graphic file (type jpg)

<use Mod2/chapters/2.15.a.jpg>
Package pdftex.def Info: Mod2/chapters/2.15.a.jpg used on input line 8.
(pdftex.def)             Requested size: 342.62576pt x 282.31853pt.
 [102

 <./Mod2/chapters/2.15.a.jpg>]
\openout3 = `RHCSA.pyg'.


(_minted-RHCSA/997D5AC5C0194045AB52D299C7ED5691168FD577FE9E8702C59C4F9251A21699
.pygtex)
\openout3 = `RHCSA.pyg'.


(_minted-RHCSA/A86B909A4E9CE7A8D1E5CD3B5B2470EA168FD577FE9E8702C59C4F9251A21699
.pygtex)
\openout3 = `RHCSA.pyg'.


(_minted-RHCSA/D84FE50007A4162C8851D60E077FF1E31D0A1B86B4D2A4C28753BFB971395912
.pygtex [103])
\openout3 = `RHCSA.pyg'.


(_minted-RHCSA/B5A2EE1ABCD56499EB1A2541136D22FD1D0A1B86B4D2A4C28753BFB971395912
.pygtex)
\openout3 = `RHCSA.pyg'.


(_minted-RHCSA/E7FA2333D65FF448E605EA2F9B3021241D0A1B86B4D2A4C28753BFB971395912
.pygtex)
\openout3 = `RHCSA.pyg'.


(_minted-RHCSA/67ED3433618ABDA669272E926385C7361D0A1B86B4D2A4C28753BFB971395912
.pygtex)
\openout3 = `RHCSA.pyg'.


(_minted-RHCSA/1B77DDBB14A35CD2D9DFBEE7DEC7D39F168FD577FE9E8702C59C4F9251A21699
.pygtex [104])
Overfull \hbox (15.88702pt too wide) in paragraph at lines 164--182
[] 
 []

[105]
\openout3 = `RHCSA.pyg'.


(_minted-RHCSA/AD5C6983FF0CDEAE54DC87279262C39A1D0A1B86B4D2A4C28753BFB971395912
.pygtex)
\openout3 = `RHCSA.pyg'.


(_minted-RHCSA/39F738C7CE19917D257DD35900AE27B7168FD577FE9E8702C59C4F9251A21699
.pygtex)
\openout3 = `RHCSA.pyg'.


(_minted-RHCSA/36962B7C5F97447BF07BE2556B782CFF168FD577FE9E8702C59C4F9251A21699
.pygtex [106])
\openout3 = `RHCSA.pyg'.


(_minted-RHCSA/E47966EF5680740816F5A0DA6948D3BF168FD577FE9E8702C59C4F9251A21699
.pygtex
Overfull \hbox (44.19836pt too wide) in paragraph at lines 7--7
\T1/cmtt/m/n/8 (ro,nosuid,nodev,relatime,uid=1000,gid=1000,iocharset=utf8,mode=
0400,dmode=0500,uhelper=udisks2)[]|  
 []

)
\openout3 = `RHCSA.pyg'.


(_minted-RHCSA/149F6A0248572FDA11B9828A13931FBC168FD577FE9E8702C59C4F9251A21699
.pygtex
Overfull \hbox (44.19836pt too wide) in paragraph at lines 7--7
\T1/cmtt/m/n/8 (ro,nosuid,nodev,relatime,uid=1000,gid=1000,iocharset=utf8,mode=
0400,dmode=0500,uhelper=udisks2)[]|  
 []

)
\openout3 = `RHCSA.pyg'.


(_minted-RHCSA/4BBE3AD238436886B48BF876DF372F5C168FD577FE9E8702C59C4F9251A21699
.pygtex
Overfull \hbox (44.19836pt too wide) in paragraph at lines 8--8
\T1/cmtt/m/n/8 (ro,nosuid,nodev,relatime,uid=1000,gid=1000,iocharset=utf8,mode=
0400,dmode=0500,uhelper=udisks2)[]|  
 []

) [107]
\openout3 = `RHCSA.pyg'.


(_minted-RHCSA/0DCBF59CCB7F3175CD4F5213602CF679168FD577FE9E8702C59C4F9251A21699
.pygtex)
\openout3 = `RHCSA.pyg'.


(_minted-RHCSA/4883CF9EBF9BFED7D9A0B0DC9EC7D578168FD577FE9E8702C59C4F9251A21699
.pygtex
Overfull \hbox (44.19836pt too wide) in paragraph at lines 5--5
\T1/cmtt/m/n/8 (ro,nosuid,nodev,relatime,uid=1000,gid=1000,iocharset=utf8,mode=
0400,dmode=0500,uhelper=udisks2)[]|  
 []

)
\openout3 = `RHCSA.pyg'.


(_minted-RHCSA/3DAE1927119AD71DCC595700AC4DD8DF1D0A1B86B4D2A4C28753BFB971395912
.pygtex) [108]
Overfull \hbox (8.16771pt too wide) in paragraph at lines 352--353
\T1/phv/m/n/10 To au-to-mount the de-vice [][]\T1/cmtt/m/n/10 /dev/sdb1[]\T1/ph
v/m/n/10 , all we need to do is add the fol-low-ing line to [][]\T1/cmtt/m/n/10
 /etc/fstab[]\T1/phv/m/n/10 : 
 []

\openout3 = `RHCSA.pyg'.


(_minted-RHCSA/1D52EBF6B7382ACF43BD45B30EA2A6C71D0A1B86B4D2A4C28753BFB971395912
.pygtex)
\openout3 = `RHCSA.pyg'.


(_minted-RHCSA/79DD3647227DFC71723F0E50460FC47B1D0A1B86B4D2A4C28753BFB971395912
.pygtex)
\openout3 = `RHCSA.pyg'.


(_minted-RHCSA/45EC22A6DF444ABFDDBE07F6F5FBA569168FD577FE9E8702C59C4F9251A21699
.pygtex)
\openout3 = `RHCSA.pyg'.


(_minted-RHCSA/3F2EECFB4EE7102CA62F705E9A8D0235168FD577FE9E8702C59C4F9251A21699
.pygtex
Overfull \hbox (44.19836pt too wide) in paragraph at lines 11--11
\T1/cmtt/m/n/8 (ro,nosuid,nodev,relatime,uid=1000,gid=1000,iocharset=utf8,mode=
0400,dmode=0500,uhelper=udisks2)[]|  
 []

) [109]
\openout3 = `RHCSA.pyg'.


(_minted-RHCSA/E6EC2D3A0B2F9F7A8B24CE04E3D591091D0A1B86B4D2A4C28753BFB971395912
.pygtex)
\openout3 = `RHCSA.pyg'.


(_minted-RHCSA/C2D1FDD87CE093AF10553AD8334E88681D0A1B86B4D2A4C28753BFB971395912
.pygtex)
\openout3 = `RHCSA.pyg'.


(_minted-RHCSA/8FF0DDA66F091AC6686F66403543A6E4168FD577FE9E8702C59C4F9251A21699
.pygtex)
\openout3 = `RHCSA.pyg'.


(_minted-RHCSA/B6D9DD1B51C5050457CDBDE616E4642D168FD577FE9E8702C59C4F9251A21699
.pygtex [110])
\openout3 = `RHCSA.pyg'.

runsystem(pygmentize -l console -f latex -P commandprefix=PYG -F tokenmerge -o 
_minted-RHCSA/9A8FBACBC396A1D5A5206100AC3360A6168FD577FE9E8702C59C4F9251A21699.
pygtex RHCSA.pyg)...executed.


(_minted-RHCSA/9A8FBACBC396A1D5A5206100AC3360A6168FD577FE9E8702C59C4F9251A21699
.pygtex)
\openout3 = `RHCSA.pyg'.

runsystem(pygmentize -l console -f latex -P commandprefix=PYG -F tokenmerge -o 
_minted-RHCSA/5CC60E2DFC68D92240905E6FA438FB8A168FD577FE9E8702C59C4F9251A21699.
pygtex RHCSA.pyg)...executed.


(_minted-RHCSA/5CC60E2DFC68D92240905E6FA438FB8A168FD577FE9E8702C59C4F9251A21699
.pygtex [111])
Overfull \hbox (2.07144pt too wide) in paragraph at lines 581--582
\T1/phv/m/n/10 To en-crypt the new par-ti-tion we use the [][]\T1/cmtt/m/n/10 c
ryptsetup []\T1/phv/m/n/10 com-mand. An ar-gu-ment of [][]\T1/cmtt/m/n/10 luksF
ormat
 []

\openout3 = `RHCSA.pyg'.

runsystem(pygmentize -l console -f latex -P commandprefix=PYG -F tokenmerge -o 
_minted-RHCSA/3F4A33EF87B40FFFCCB905DC279E11AE168FD577FE9E8702C59C4F9251A21699.
pygtex RHCSA.pyg)...executed.


(_minted-RHCSA/3F4A33EF87B40FFFCCB905DC279E11AE168FD577FE9E8702C59C4F9251A21699
.pygtex [112])
\openout3 = `RHCSA.pyg'.

runsystem(pygmentize -l console -f latex -P commandprefix=PYG -F tokenmerge -o 
_minted-RHCSA/7BBDC0721D5EA1763440CBE19451DF6E168FD577FE9E8702C59C4F9251A21699.
pygtex RHCSA.pyg)...executed.


(_minted-RHCSA/7BBDC0721D5EA1763440CBE19451DF6E168FD577FE9E8702C59C4F9251A21699
.pygtex)
Overfull \hbox (27.36934pt too wide) in paragraph at lines 611--613
\T1/phv/m/n/10 the par-ti-tion was opened suc-cess-fully! The com-plete path of
 our par-ti-tion is [][]\T1/cmtt/m/n/10 /dev/mapper/secret[]\T1/phv/m/n/10 .
 []

\openout3 = `RHCSA.pyg'.

runsystem(pygmentize -l console -f latex -P commandprefix=PYG -F tokenmerge -o 
_minted-RHCSA/3322FECCFF97C31B1650FFBAB932508C168FD577FE9E8702C59C4F9251A21699.
pygtex RHCSA.pyg)...executed.


(_minted-RHCSA/3322FECCFF97C31B1650FFBAB932508C168FD577FE9E8702C59C4F9251A21699
.pygtex)
\openout3 = `RHCSA.pyg'.

runsystem(pygmentize -l console -f latex -P commandprefix=PYG -F tokenmerge -o 
_minted-RHCSA/8DA6ED5119B8645D4ACBBA4A23AE8FF3168FD577FE9E8702C59C4F9251A21699.
pygtex RHCSA.pyg)...executed.


(_minted-RHCSA/8DA6ED5119B8645D4ACBBA4A23AE8FF3168FD577FE9E8702C59C4F9251A21699
.pygtex)
\openout3 = `RHCSA.pyg'.

runsystem(pygmentize -l console -f latex -P commandprefix=PYG -F tokenmerge -o 
_minted-RHCSA/0109B61BB9D33BAD1EA0957433423D39168FD577FE9E8702C59C4F9251A21699.
pygtex RHCSA.pyg)...executed.


(_minted-RHCSA/0109B61BB9D33BAD1EA0957433423D39168FD577FE9E8702C59C4F9251A21699
.pygtex [113])
Overfull \hbox (8.81918pt too wide) in paragraph at lines 671--672
[]\T1/phv/m/n/10 Now, if we want to au-to-mount the par-ti-tion, we need to add
 an en-try for it in the [][]\T1/cmtt/m/n/10 /etc/fstab
 []

\openout3 = `RHCSA.pyg'.

runsystem(pygmentize -l bash -f latex -P commandprefix=PYG -F tokenmerge -o _mi
nted-RHCSA/562D12EEFEE4EAD7192B69EC470E522D1D0A1B86B4D2A4C28753BFB971395912.pyg
tex RHCSA.pyg)...executed.


(_minted-RHCSA/562D12EEFEE4EAD7192B69EC470E522D1D0A1B86B4D2A4C28753BFB971395912
.pygtex)
\openout3 = `RHCSA.pyg'.

runsystem(pygmentize -l bash -f latex -P commandprefix=PYG -F tokenmerge -o _mi
nted-RHCSA/7951689B496077865B9D6DB45D24EB241D0A1B86B4D2A4C28753BFB971395912.pyg
tex RHCSA.pyg)...executed.


(_minted-RHCSA/7951689B496077865B9D6DB45D24EB241D0A1B86B4D2A4C28753BFB971395912
.pygtex)
Overfull \hbox (3.86656pt too wide) in paragraph at lines 688--690
\T1/phv/m/n/10 The first value in the file is the name that's to be as-signed t
o the par-ti-tion in the [][]\T1/cmtt/m/n/10 /dev/mapper/
 []

) ("Mod2/chapters/2.16 Managing LVM Logical Volumes.tex")) [114] (RHCSA.aux)

LaTeX Warning: There were multiply-defined labels.

runsystem(del RHCSA.pyg)...executed.

 ) 
Here is how much of TeX's memory you used:
 7867 strings out of 493323
 184770 string characters out of 3139068
 298883 words of memory out of 3000000
 10529 multiletter control sequences out of 15000+200000
 44847 words of font info for 56 fonts, out of 3000000 for 9000
 1141 hyphenation exceptions out of 8191
 41i,26n,38p,893b,647s stack positions out of 5000i,500n,10000p,200000b,50000s
 <C:\Users\Somu\AppData\Local\MiKTeX\2.9\fonts\pk\ljfour\jknappen\ec\dpi600\t
cit0800.pk> <C:\Users\Somu\AppData\Local\MiKTeX\2.9\fonts\pk\ljfour\jknappen\ec
\dpi600\ecit0800.pk> <C:\Users\Somu\AppData\Local\MiKTeX\2.9\fonts\pk\ljfour\jk
nappen\ec\dpi600\tctt0800.pk> <C:\Users\Somu\AppData\Local\MiKTeX\2.9\fonts\pk\
ljfour\jknappen\ec\dpi600\ectt1000.pk> <C:\Users\Somu\AppData\Local\MiKTeX\2.9\
fonts\pk\ljfour\jknappen\ec\dpi600\ectt0800.pk> <C:\Users\Somu\AppData\Local\Mi
KTeX\2.9\fonts\pk\ljfour\jknappen\ec\dpi600\ecrm0500.pk>{C:/Program Files/MiKTe
X 2.9/fonts/enc/dvips/base/8r.enc}<C:/Program Files/MiKTeX 2.9/fonts/type1/publ
ic/amsfonts/cm/cmmi10.pfb><C:/Program Files/MiKTeX 2.9/fonts/type1/public/amsfo
nts/cm/cmmi5.pfb><C:/Program Files/MiKTeX 2.9/fonts/type1/public/amsfonts/cm/cm
mi7.pfb><C:/Program Files/MiKTeX 2.9/fonts/type1/public/amsfonts/cm/cmr10.pfb><
C:/Program Files/MiKTeX 2.9/fonts/type1/public/amsfonts/cm/cmr7.pfb><C:/Program
 Files/MiKTeX 2.9/fonts/type1/public/amsfonts/cm/cmsy10.pfb><C:/Program Files/M
iKTeX 2.9/fonts/type1/public/amsfonts/cm/cmsy5.pfb><C:/Program Files/MiKTeX 2.9
/fonts/type1/urw/helvetic/uhvb8a.pfb><C:/Program Files/MiKTeX 2.9/fonts/type1/u
rw/helvetic/uhvr8a.pfb><C:/Program Files/MiKTeX 2.9/fonts/type1/urw/helvetic/uh
vro8a.pfb>
Output written on RHCSA.pdf (115 pages, 2854852 bytes).
PDF statistics:
 703 PDF objects out of 1000 (max. 8388607)
 0 named destinations out of 1000 (max. 500000)
 61 words of extra memory for PDF output out of 10000 (max. 10000000)

