\BOOKMARK [-1][-]{part.1}{I Bash Scripting Fundamentals}{}% 1
\BOOKMARK [0][-]{chapter.1}{Creating Your First Shell Script}{part.1}% 2
\BOOKMARK [1][-]{section.1.1}{Why Scripting in Bash Makes Sense}{chapter.1}% 3
\BOOKMARK [2][-]{subsection.1.1.1}{Understanding Scripting}{section.1.1}% 4
\BOOKMARK [1][-]{section.1.2}{Choosing an Editor}{chapter.1}% 5
\BOOKMARK [1][-]{section.1.3}{Core Bash Script Ingredients}{chapter.1}% 6
\BOOKMARK [2][-]{subsection.1.3.1}{exit statement}{section.1.3}% 7
\BOOKMARK [2][-]{subsection.1.3.2}{Script to print Hello World}{section.1.3}% 8
\BOOKMARK [1][-]{section.1.4}{Storing and Running the Script}{chapter.1}% 9
\BOOKMARK [2][-]{subsection.1.4.1}{Executing a script in a directory within \044PATH}{section.1.4}% 10
\BOOKMARK [2][-]{subsection.1.4.2}{Executing a script in a directory NOT within \044PATH}{section.1.4}% 11
\BOOKMARK [2][-]{subsection.1.4.3}{Multiple files with same name in \044PATH}{section.1.4}% 12
\BOOKMARK [1][-]{section.1.5}{Using Bash Internal Commands versus External Commands}{chapter.1}% 13
\BOOKMARK [2][-]{subsection.1.5.1}{Internal Commands}{section.1.5}% 14
\BOOKMARK [2][-]{subsection.1.5.2}{External Commands}{section.1.5}% 15
\BOOKMARK [1][-]{section.1.6}{Finding Help About Scripting Components}{chapter.1}% 16
\BOOKMARK [2][-]{subsection.1.6.1}{man bash}{section.1.6}% 17
\BOOKMARK [2][-]{subsection.1.6.2}{help command}{section.1.6}% 18
\BOOKMARK [2][-]{subsection.1.6.3}{Online Resources}{section.1.6}% 19
\BOOKMARK [0][-]{chapter.2}{Working with Variables and Parameters}{part.1}% 20
\BOOKMARK [0][-]{chapter.3}{Transforming Input}{part.1}% 21
\BOOKMARK [0][-]{chapter.4}{Using Essential External Tools}{part.1}% 22
\BOOKMARK [0][-]{chapter.5}{Using Conditional Statements}{part.1}% 23
\BOOKMARK [0][-]{chapter.6}{Using Advanced Scripting Options}{part.1}% 24
\BOOKMARK [0][-]{chapter.7}{Script Debugging and Analyzing}{part.1}% 25
\BOOKMARK [0][-]{chapter.8}{Scripting by Example}{part.1}% 26
\BOOKMARK [-1][-]{part.2}{II Advanced Bash Scripting}{}% 27
\BOOKMARK [0][-]{chapter.9}{Reviewing Basics}{part.2}% 28
\BOOKMARK [0][-]{chapter.10}{Scripting Best Practices}{part.2}% 29
\BOOKMARK [0][-]{chapter.11}{Understanding Syntax Differences}{part.2}% 30
\BOOKMARK [0][-]{chapter.12}{Using Advanced awk, sed, and Regular Expressions}{part.2}% 31
\BOOKMARK [0][-]{chapter.13}{Analyzing Advanced Scripts}{part.2}% 32
\BOOKMARK [0][-]{chapter.14}{Writing a Complex Script}{part.2}% 33
\BOOKMARK [0][-]{chapter.15}{Scripting for Performance}{part.2}% 34
\BOOKMARK [0][-]{chapter.16}{Beyond Bash - Scripting in Python}{part.2}% 35
